#
# There is insufficient memory for the Java Runtime Environment to continue.
# Native memory allocation (malloc) failed to allocate 1303376 bytes for Chunk::new
# Possible reasons:
#   The system is out of physical RAM or swap space
#   The process is running with CompressedOops enabled, and the Java Heap may be blocking the growth of the native heap
# Possible solutions:
#   Reduce memory load on the system
#   Increase physical memory or swap space
#   Check if swap backing store is full
#   Decrease Java heap size (-Xmx/-Xms)
#   Decrease number of Java threads
#   Decrease Java thread stack sizes (-Xss)
#   Set larger code cache with -XX:ReservedCodeCacheSize=
#   JVM is running with Unscaled Compressed Oops mode in which the Java heap is
#     placed in the first 4GB address space. The Java Heap base address is the
#     maximum limit for the native heap growth. Please use -XX:HeapBaseMinAddress
#     to set the Java Heap base and to place the Java Heap above 4GB virtual address.
# This output file may be truncated or incomplete.
#
#  Out of Memory Error (src/hotspot/share/memory/arena.cpp:197), pid=12332, tid=12184
#
# JRE version: OpenJDK Runtime Environment (11.0.15) (build 11.0.15+0-b2043.56-9505619)
# Java VM: OpenJDK 64-Bit Server VM (11.0.15+0-b2043.56-9505619, mixed mode, tiered, compressed oops, g1 gc, windows-amd64)
# No core dump will be written. Minidumps are not enabled by default on client versions of Windows
#

---------------  S U M M A R Y ------------

Command Line: --add-opens=java.base/java.util=ALL-UNNAMED --add-opens=java.base/java.lang=ALL-UNNAMED --add-opens=java.base/java.lang.invoke=ALL-UNNAMED --add-opens=java.base/java.util=ALL-UNNAMED --add-opens=java.prefs/java.util.prefs=ALL-UNNAMED --add-opens=java.prefs/java.util.prefs=ALL-UNNAMED --add-opens=java.base/java.nio.charset=ALL-UNNAMED --add-opens=java.base/java.net=ALL-UNNAMED --add-opens=java.base/java.util.concurrent.atomic=ALL-UNNAMED -Xmx2048m -Dfile.encoding=UTF-8 -Duser.country=TW -Duser.language=zh -Duser.variant org.gradle.launcher.daemon.bootstrap.GradleDaemon 7.4

Host: 11th Gen Intel(R) Core(TM) i5-1135G7 @ 2.40GHz, 8 cores, 7G,  Windows 10 , 64 bit Build 19041 (10.0.19041.1889)
Time: Thu Apr  6 14:44:05 2023  Windows 10 , 64 bit Build 19041 (10.0.19041.1889) elapsed time: 6.366591 seconds (0d 0h 0m 6s)

---------------  T H R E A D  ---------------

Current thread (0x0000015248e8b800):  JavaThread "C2 CompilerThread1" daemon [_thread_in_native, id=12184, stack(0x0000003367b00000,0x0000003367c00000)]


Current CompileTask:
C2:   6366 2144       4       java.net.URLClassLoader$1::run (5 bytes)

Stack: [0x0000003367b00000,0x0000003367c00000]
Native frames: (J=compiled Java code, j=interpreted, Vv=VM code, C=native code)
V  [jvm.dll+0x64135a]
V  [jvm.dll+0x7d39f9]
V  [jvm.dll+0x7d51b9]
V  [jvm.dll+0x7d58a3]
V  [jvm.dll+0x2691c5]
V  [jvm.dll+0xc1a5c]
V  [jvm.dll+0xc200c]
V  [jvm.dll+0x3774a7]
V  [jvm.dll+0x1b3732]
V  [jvm.dll+0x22163e]
V  [jvm.dll+0x220498]
V  [jvm.dll+0x19e851]
V  [jvm.dll+0x230479]
V  [jvm.dll+0x22e5ef]
V  [jvm.dll+0x794de1]
V  [jvm.dll+0x78dc24]
V  [jvm.dll+0x6400f6]
C  [ucrtbase.dll+0x21bb2]
C  [KERNEL32.DLL+0x17034]
C  [ntdll.dll+0x526a1]


---------------  P R O C E S S  ---------------

Threads class SMR info:
_java_thread_list=0x000001524ac17610, length=24, elements={
0x000001522d5d5000, 0x0000015247a88000, 0x0000015247a89800, 0x0000015247aa6000,
0x0000015247aa8000, 0x0000015247aa9800, 0x0000015247aab000, 0x0000015247ab0000,
0x0000015247ab3800, 0x0000015248503000, 0x000001524a783000, 0x0000015249e15800,
0x000001524b308800, 0x0000015249ea3800, 0x0000015249b73800, 0x0000015249e04800,
0x0000015249896000, 0x000001524a337000, 0x0000015249e84000, 0x00000152493a1000,
0x0000015248d28000, 0x0000015248d2b800, 0x0000015248d2c800, 0x0000015248e8b800
}

Java Threads: ( => current thread )
  0x000001522d5d5000 JavaThread "main" [_thread_blocked, id=20700, stack(0x0000003365500000,0x0000003365600000)]
  0x0000015247a88000 JavaThread "Reference Handler" daemon [_thread_blocked, id=19620, stack(0x0000003365c00000,0x0000003365d00000)]
  0x0000015247a89800 JavaThread "Finalizer" daemon [_thread_blocked, id=19212, stack(0x0000003365d00000,0x0000003365e00000)]
  0x0000015247aa6000 JavaThread "Signal Dispatcher" daemon [_thread_blocked, id=21332, stack(0x0000003365e00000,0x0000003365f00000)]
  0x0000015247aa8000 JavaThread "Attach Listener" daemon [_thread_blocked, id=7004, stack(0x0000003365f00000,0x0000003366000000)]
  0x0000015247aa9800 JavaThread "Service Thread" daemon [_thread_blocked, id=720, stack(0x0000003366000000,0x0000003366100000)]
  0x0000015247aab000 JavaThread "C2 CompilerThread0" daemon [_thread_in_native, id=15444, stack(0x0000003366100000,0x0000003366200000)]
  0x0000015247ab0000 JavaThread "C1 CompilerThread0" daemon [_thread_blocked, id=18060, stack(0x0000003366200000,0x0000003366300000)]
  0x0000015247ab3800 JavaThread "Sweeper thread" daemon [_thread_blocked, id=18820, stack(0x0000003366300000,0x0000003366400000)]
  0x0000015248503000 JavaThread "Common-Cleaner" daemon [_thread_blocked, id=18932, stack(0x0000003366400000,0x0000003366500000)]
  0x000001524a783000 JavaThread "Daemon health stats" [_thread_blocked, id=7668, stack(0x0000003366800000,0x0000003366900000)]
  0x0000015249e15800 JavaThread "Incoming local TCP Connector on port 2663" [_thread_in_native, id=14372, stack(0x0000003366600000,0x0000003366700000)]
  0x000001524b308800 JavaThread "Daemon periodic checks" [_thread_blocked, id=7768, stack(0x0000003366900000,0x0000003366a00000)]
  0x0000015249ea3800 JavaThread "Daemon" [_thread_blocked, id=22124, stack(0x0000003366a00000,0x0000003366b00000)]
  0x0000015249b73800 JavaThread "Handler for socket connection from /127.0.0.1:2663 to /127.0.0.1:2664" [_thread_in_native, id=7856, stack(0x0000003366b00000,0x0000003366c00000)]
  0x0000015249e04800 JavaThread "Cancel handler" [_thread_blocked, id=13244, stack(0x0000003366c00000,0x0000003366d00000)]
  0x0000015249896000 JavaThread "Daemon worker" [_thread_in_native, id=19292, stack(0x0000003366d00000,0x0000003366e00000)]
  0x000001524a337000 JavaThread "Asynchronous log dispatcher for DefaultDaemonConnection: socket connection from /127.0.0.1:2663 to /127.0.0.1:2664" [_thread_blocked, id=3292, stack(0x0000003366e00000,0x0000003366f00000)]
  0x0000015249e84000 JavaThread "Stdin handler" [_thread_blocked, id=21668, stack(0x0000003366f00000,0x0000003367000000)]
  0x00000152493a1000 JavaThread "Daemon client event forwarder" [_thread_blocked, id=15220, stack(0x0000003367000000,0x0000003367100000)]
  0x0000015248d28000 JavaThread "Cache worker for journal cache (C:\Users\Robert\.gradle\caches\journal-1)" [_thread_blocked, id=15956, stack(0x0000003367700000,0x0000003367800000)]
  0x0000015248d2b800 JavaThread "File lock request listener" [_thread_in_native, id=12328, stack(0x0000003367800000,0x0000003367900000)]
  0x0000015248d2c800 JavaThread "Cache worker for file hash cache (C:\Users\Robert\.gradle\caches\7.4\fileHashes)" [_thread_blocked, id=7280, stack(0x0000003367900000,0x0000003367a00000)]
=>0x0000015248e8b800 JavaThread "C2 CompilerThread1" daemon [_thread_in_native, id=12184, stack(0x0000003367b00000,0x0000003367c00000)]

Other Threads:
  0x0000015247a81800 VMThread "VM Thread" [stack: 0x0000003365b00000,0x0000003365c00000] [id=1468]
  0x0000015248518800 WatcherThread [stack: 0x0000003366500000,0x0000003366600000] [id=3904]
  0x000001522d5ee000 GCTaskThread "GC Thread#0" [stack: 0x0000003365600000,0x0000003365700000] [id=21936]
  0x0000015249516800 GCTaskThread "GC Thread#1" [stack: 0x0000003366700000,0x0000003366800000] [id=1280]
  0x000001524a312800 GCTaskThread "GC Thread#2" [stack: 0x0000003367100000,0x0000003367200000] [id=20696]
  0x00000152493a2000 GCTaskThread "GC Thread#3" [stack: 0x0000003367200000,0x0000003367300000] [id=16624]
  0x000001524a9ba000 GCTaskThread "GC Thread#4" [stack: 0x0000003367300000,0x0000003367400000] [id=7764]
  0x0000015248d36000 GCTaskThread "GC Thread#5" [stack: 0x0000003367400000,0x0000003367500000] [id=3764]
  0x0000015248d23000 GCTaskThread "GC Thread#6" [stack: 0x0000003367500000,0x0000003367600000] [id=8288]
  0x000001524ae9e800 GCTaskThread "GC Thread#7" [stack: 0x0000003367600000,0x0000003367700000] [id=7928]
  0x000001522d620800 ConcurrentGCThread "G1 Main Marker" [stack: 0x0000003365700000,0x0000003365800000] [id=22992]
  0x000001522d621800 ConcurrentGCThread "G1 Conc#0" [stack: 0x0000003365800000,0x0000003365900000] [id=14952]
  0x000001524a6a8000 ConcurrentGCThread "G1 Conc#1" [stack: 0x0000003367a00000,0x0000003367b00000] [id=22148]
  0x000001522d6ae000 ConcurrentGCThread "G1 Refine#0" [stack: 0x0000003365900000,0x0000003365a00000] [id=23308]
  0x00000152478d4800 ConcurrentGCThread "G1 Young RemSet Sampling" [stack: 0x0000003365a00000,0x0000003365b00000] [id=19072]

Threads with active compile tasks:
C2 CompilerThread0     6447 2145   !   4       java.net.URLClassLoader$1::run (81 bytes)
C2 CompilerThread1     6447 2144       4       java.net.URLClassLoader$1::run (5 bytes)

VM state:not at safepoint (normal execution)

VM Mutex/Monitor currently owned by a thread: None

Heap address: 0x0000000080000000, size: 2048 MB, Compressed Oops mode: 32-bit
Narrow klass base: 0x0000000000000000, Narrow klass shift: 3
Compressed class space size: 1073741824 Address: 0x0000000100000000

Heap:
 garbage-first heap   total 126976K, used 65042K [0x0000000080000000, 0x0000000100000000)
  region size 1024K, 49 young (50176K), 2 survivors (2048K)
 Metaspace       used 25722K, capacity 26363K, committed 26492K, reserved 1073152K
  class space    used 3321K, capacity 3519K, committed 3532K, reserved 1048576K
Heap Regions: E=young(eden), S=young(survivor), O=old, HS=humongous(starts), HC=humongous(continues), CS=collection set, F=free, A=archive, TAMS=top-at-mark-start (previous, next)
|   0|0x0000000080000000, 0x0000000080100000, 0x0000000080100000|100%| O|  |TAMS 0x0000000080100000, 0x0000000080000000| Untracked 
|   1|0x0000000080100000, 0x0000000080200000, 0x0000000080200000|100%| O|  |TAMS 0x0000000080200000, 0x0000000080100000| Untracked 
|   2|0x0000000080200000, 0x0000000080300000, 0x0000000080300000|100%| O|  |TAMS 0x0000000080300000, 0x0000000080200000| Untracked 
|   3|0x0000000080300000, 0x0000000080400000, 0x0000000080400000|100%|HS|  |TAMS 0x0000000080400000, 0x0000000080300000| Complete 
|   4|0x0000000080400000, 0x0000000080500000, 0x0000000080500000|100%|HC|  |TAMS 0x0000000080500000, 0x0000000080400000| Complete 
|   5|0x0000000080500000, 0x0000000080600000, 0x0000000080600000|100%|HC|  |TAMS 0x0000000080600000, 0x0000000080500000| Complete 
|   6|0x0000000080600000, 0x0000000080700000, 0x0000000080700000|100%| O|  |TAMS 0x0000000080700000, 0x0000000080600000| Untracked 
|   7|0x0000000080700000, 0x0000000080800000, 0x0000000080800000|100%| O|  |TAMS 0x0000000080800000, 0x0000000080700000| Untracked 
|   8|0x0000000080800000, 0x0000000080900000, 0x0000000080900000|100%| O|  |TAMS 0x0000000080900000, 0x0000000080800000| Untracked 
|   9|0x0000000080900000, 0x0000000080a00000, 0x0000000080a00000|100%| O|  |TAMS 0x0000000080a00000, 0x0000000080900000| Untracked 
|  10|0x0000000080a00000, 0x0000000080b00000, 0x0000000080b00000|100%| O|  |TAMS 0x0000000080b00000, 0x0000000080a00000| Untracked 
|  11|0x0000000080b00000, 0x0000000080c00000, 0x0000000080c00000|100%| O|  |TAMS 0x0000000080c00000, 0x0000000080b00000| Untracked 
|  12|0x0000000080c00000, 0x0000000080d00000, 0x0000000080d00000|100%| O|  |TAMS 0x0000000080d00000, 0x0000000080c00000| Untracked 
|  13|0x0000000080d00000, 0x0000000080e00000, 0x0000000080e00000|100%| O|  |TAMS 0x0000000080e00000, 0x0000000080d00000| Untracked 
|  14|0x0000000080e00000, 0x0000000080f00000, 0x0000000080f00000|100%| O|  |TAMS 0x0000000080f00000, 0x0000000080e00000| Untracked 
|  15|0x0000000080f00000, 0x0000000081000000, 0x0000000081000000|100%| O|  |TAMS 0x0000000081000000, 0x0000000080f00000| Untracked 
|  16|0x0000000081000000, 0x000000008106ca00, 0x0000000081100000| 42%| O|  |TAMS 0x000000008106ca00, 0x0000000081000000| Untracked 
|  17|0x0000000081100000, 0x0000000081100000, 0x0000000081200000|  0%| F|  |TAMS 0x0000000081100000, 0x0000000081100000| Untracked 
|  18|0x0000000081200000, 0x0000000081200000, 0x0000000081300000|  0%| F|  |TAMS 0x0000000081200000, 0x0000000081200000| Untracked 
|  19|0x0000000081300000, 0x0000000081300000, 0x0000000081400000|  0%| F|  |TAMS 0x0000000081300000, 0x0000000081300000| Untracked 
|  20|0x0000000081400000, 0x0000000081400000, 0x0000000081500000|  0%| F|  |TAMS 0x0000000081400000, 0x0000000081400000| Untracked 
|  21|0x0000000081500000, 0x0000000081500000, 0x0000000081600000|  0%| F|  |TAMS 0x0000000081500000, 0x0000000081500000| Untracked 
|  22|0x0000000081600000, 0x0000000081600000, 0x0000000081700000|  0%| F|  |TAMS 0x0000000081600000, 0x0000000081600000| Untracked 
|  23|0x0000000081700000, 0x0000000081700000, 0x0000000081800000|  0%| F|  |TAMS 0x0000000081700000, 0x0000000081700000| Untracked 
|  24|0x0000000081800000, 0x0000000081800000, 0x0000000081900000|  0%| F|  |TAMS 0x0000000081800000, 0x0000000081800000| Untracked 
|  25|0x0000000081900000, 0x0000000081900000, 0x0000000081a00000|  0%| F|  |TAMS 0x0000000081900000, 0x0000000081900000| Untracked 
|  26|0x0000000081a00000, 0x0000000081a00000, 0x0000000081b00000|  0%| F|  |TAMS 0x0000000081a00000, 0x0000000081a00000| Untracked 
|  27|0x0000000081b00000, 0x0000000081b00000, 0x0000000081c00000|  0%| F|  |TAMS 0x0000000081b00000, 0x0000000081b00000| Untracked 
|  28|0x0000000081c00000, 0x0000000081c00000, 0x0000000081d00000|  0%| F|  |TAMS 0x0000000081c00000, 0x0000000081c00000| Untracked 
|  29|0x0000000081d00000, 0x0000000081d00000, 0x0000000081e00000|  0%| F|  |TAMS 0x0000000081d00000, 0x0000000081d00000| Untracked 
|  30|0x0000000081e00000, 0x0000000081e00000, 0x0000000081f00000|  0%| F|  |TAMS 0x0000000081e00000, 0x0000000081e00000| Untracked 
|  31|0x0000000081f00000, 0x0000000081f00000, 0x0000000082000000|  0%| F|  |TAMS 0x0000000081f00000, 0x0000000081f00000| Untracked 
|  32|0x0000000082000000, 0x0000000082000000, 0x0000000082100000|  0%| F|  |TAMS 0x0000000082000000, 0x0000000082000000| Untracked 
|  33|0x0000000082100000, 0x0000000082100000, 0x0000000082200000|  0%| F|  |TAMS 0x0000000082100000, 0x0000000082100000| Untracked 
|  34|0x0000000082200000, 0x0000000082200000, 0x0000000082300000|  0%| F|  |TAMS 0x0000000082200000, 0x0000000082200000| Untracked 
|  35|0x0000000082300000, 0x0000000082300000, 0x0000000082400000|  0%| F|  |TAMS 0x0000000082300000, 0x0000000082300000| Untracked 
|  36|0x0000000082400000, 0x0000000082400000, 0x0000000082500000|  0%| F|  |TAMS 0x0000000082400000, 0x0000000082400000| Untracked 
|  37|0x0000000082500000, 0x0000000082500000, 0x0000000082600000|  0%| F|  |TAMS 0x0000000082500000, 0x0000000082500000| Untracked 
|  38|0x0000000082600000, 0x0000000082600000, 0x0000000082700000|  0%| F|  |TAMS 0x0000000082600000, 0x0000000082600000| Untracked 
|  39|0x0000000082700000, 0x0000000082700000, 0x0000000082800000|  0%| F|  |TAMS 0x0000000082700000, 0x0000000082700000| Untracked 
|  40|0x0000000082800000, 0x0000000082800000, 0x0000000082900000|  0%| F|  |TAMS 0x0000000082800000, 0x0000000082800000| Untracked 
|  41|0x0000000082900000, 0x0000000082900000, 0x0000000082a00000|  0%| F|  |TAMS 0x0000000082900000, 0x0000000082900000| Untracked 
|  42|0x0000000082a00000, 0x0000000082a00000, 0x0000000082b00000|  0%| F|  |TAMS 0x0000000082a00000, 0x0000000082a00000| Untracked 
|  43|0x0000000082b00000, 0x0000000082b00000, 0x0000000082c00000|  0%| F|  |TAMS 0x0000000082b00000, 0x0000000082b00000| Untracked 
|  44|0x0000000082c00000, 0x0000000082c00000, 0x0000000082d00000|  0%| F|  |TAMS 0x0000000082c00000, 0x0000000082c00000| Untracked 
|  45|0x0000000082d00000, 0x0000000082d00000, 0x0000000082e00000|  0%| F|  |TAMS 0x0000000082d00000, 0x0000000082d00000| Untracked 
|  46|0x0000000082e00000, 0x0000000082e00000, 0x0000000082f00000|  0%| F|  |TAMS 0x0000000082e00000, 0x0000000082e00000| Untracked 
|  47|0x0000000082f00000, 0x0000000082f00000, 0x0000000083000000|  0%| F|  |TAMS 0x0000000082f00000, 0x0000000082f00000| Untracked 
|  48|0x0000000083000000, 0x0000000083000000, 0x0000000083100000|  0%| F|  |TAMS 0x0000000083000000, 0x0000000083000000| Untracked 
|  49|0x0000000083100000, 0x0000000083100000, 0x0000000083200000|  0%| F|  |TAMS 0x0000000083100000, 0x0000000083100000| Untracked 
|  50|0x0000000083200000, 0x0000000083200000, 0x0000000083300000|  0%| F|  |TAMS 0x0000000083200000, 0x0000000083200000| Untracked 
|  51|0x0000000083300000, 0x0000000083300000, 0x0000000083400000|  0%| F|  |TAMS 0x0000000083300000, 0x0000000083300000| Untracked 
|  52|0x0000000083400000, 0x0000000083400000, 0x0000000083500000|  0%| F|  |TAMS 0x0000000083400000, 0x0000000083400000| Untracked 
|  53|0x0000000083500000, 0x0000000083500000, 0x0000000083600000|  0%| F|  |TAMS 0x0000000083500000, 0x0000000083500000| Untracked 
|  54|0x0000000083600000, 0x0000000083600000, 0x0000000083700000|  0%| F|  |TAMS 0x0000000083600000, 0x0000000083600000| Untracked 
|  55|0x0000000083700000, 0x0000000083700000, 0x0000000083800000|  0%| F|  |TAMS 0x0000000083700000, 0x0000000083700000| Untracked 
|  56|0x0000000083800000, 0x0000000083800000, 0x0000000083900000|  0%| F|  |TAMS 0x0000000083800000, 0x0000000083800000| Untracked 
|  57|0x0000000083900000, 0x0000000083900000, 0x0000000083a00000|  0%| F|  |TAMS 0x0000000083900000, 0x0000000083900000| Untracked 
|  58|0x0000000083a00000, 0x0000000083a00000, 0x0000000083b00000|  0%| F|  |TAMS 0x0000000083a00000, 0x0000000083a00000| Untracked 
|  59|0x0000000083b00000, 0x0000000083b00000, 0x0000000083c00000|  0%| F|  |TAMS 0x0000000083b00000, 0x0000000083b00000| Untracked 
|  60|0x0000000083c00000, 0x0000000083c00000, 0x0000000083d00000|  0%| F|  |TAMS 0x0000000083c00000, 0x0000000083c00000| Untracked 
|  61|0x0000000083d00000, 0x0000000083d00000, 0x0000000083e00000|  0%| F|  |TAMS 0x0000000083d00000, 0x0000000083d00000| Untracked 
|  62|0x0000000083e00000, 0x0000000083e00000, 0x0000000083f00000|  0%| F|  |TAMS 0x0000000083e00000, 0x0000000083e00000| Untracked 
|  63|0x0000000083f00000, 0x0000000083f00000, 0x0000000084000000|  0%| F|  |TAMS 0x0000000083f00000, 0x0000000083f00000| Untracked 
|  64|0x0000000084000000, 0x0000000084000000, 0x0000000084100000|  0%| F|  |TAMS 0x0000000084000000, 0x0000000084000000| Untracked 
|  65|0x0000000084100000, 0x0000000084100000, 0x0000000084200000|  0%| F|  |TAMS 0x0000000084100000, 0x0000000084100000| Untracked 
|  66|0x0000000084200000, 0x0000000084200000, 0x0000000084300000|  0%| F|  |TAMS 0x0000000084200000, 0x0000000084200000| Untracked 
|  67|0x0000000084300000, 0x0000000084300000, 0x0000000084400000|  0%| F|  |TAMS 0x0000000084300000, 0x0000000084300000| Untracked 
|  68|0x0000000084400000, 0x0000000084400000, 0x0000000084500000|  0%| F|  |TAMS 0x0000000084400000, 0x0000000084400000| Untracked 
|  69|0x0000000084500000, 0x0000000084500000, 0x0000000084600000|  0%| F|  |TAMS 0x0000000084500000, 0x0000000084500000| Untracked 
|  70|0x0000000084600000, 0x0000000084600000, 0x0000000084700000|  0%| F|  |TAMS 0x0000000084600000, 0x0000000084600000| Untracked 
|  71|0x0000000084700000, 0x0000000084700000, 0x0000000084800000|  0%| F|  |TAMS 0x0000000084700000, 0x0000000084700000| Untracked 
|  72|0x0000000084800000, 0x0000000084800000, 0x0000000084900000|  0%| F|  |TAMS 0x0000000084800000, 0x0000000084800000| Untracked 
|  73|0x0000000084900000, 0x0000000084900000, 0x0000000084a00000|  0%| F|  |TAMS 0x0000000084900000, 0x0000000084900000| Untracked 
|  74|0x0000000084a00000, 0x0000000084a00000, 0x0000000084b00000|  0%| F|  |TAMS 0x0000000084a00000, 0x0000000084a00000| Untracked 
|  75|0x0000000084b00000, 0x0000000084c00000, 0x0000000084c00000|100%| E|  |TAMS 0x0000000084b00000, 0x0000000084b00000| Complete 
|  76|0x0000000084c00000, 0x0000000084d00000, 0x0000000084d00000|100%| E|CS|TAMS 0x0000000084c00000, 0x0000000084c00000| Complete 
|  77|0x0000000084d00000, 0x0000000084e00000, 0x0000000084e00000|100%| E|CS|TAMS 0x0000000084d00000, 0x0000000084d00000| Complete 
|  78|0x0000000084e00000, 0x0000000084f00000, 0x0000000084f00000|100%| E|CS|TAMS 0x0000000084e00000, 0x0000000084e00000| Complete 
|  79|0x0000000084f00000, 0x0000000085000000, 0x0000000085000000|100%| E|CS|TAMS 0x0000000084f00000, 0x0000000084f00000| Complete 
|  80|0x0000000085000000, 0x0000000085100000, 0x0000000085100000|100%| E|CS|TAMS 0x0000000085000000, 0x0000000085000000| Complete 
|  81|0x0000000085100000, 0x0000000085200000, 0x0000000085200000|100%| E|CS|TAMS 0x0000000085100000, 0x0000000085100000| Complete 
|  82|0x0000000085200000, 0x0000000085300000, 0x0000000085300000|100%| E|CS|TAMS 0x0000000085200000, 0x0000000085200000| Complete 
|  83|0x0000000085300000, 0x0000000085400000, 0x0000000085400000|100%| E|CS|TAMS 0x0000000085300000, 0x0000000085300000| Complete 
|  84|0x0000000085400000, 0x0000000085500000, 0x0000000085500000|100%| E|CS|TAMS 0x0000000085400000, 0x0000000085400000| Complete 
|  85|0x0000000085500000, 0x0000000085600000, 0x0000000085600000|100%| E|CS|TAMS 0x0000000085500000, 0x0000000085500000| Complete 
|  86|0x0000000085600000, 0x0000000085700000, 0x0000000085700000|100%| E|CS|TAMS 0x0000000085600000, 0x0000000085600000| Complete 
|  87|0x0000000085700000, 0x0000000085800000, 0x0000000085800000|100%| E|CS|TAMS 0x0000000085700000, 0x0000000085700000| Complete 
|  88|0x0000000085800000, 0x0000000085900000, 0x0000000085900000|100%| E|CS|TAMS 0x0000000085800000, 0x0000000085800000| Complete 
|  89|0x0000000085900000, 0x0000000085a00000, 0x0000000085a00000|100%| E|CS|TAMS 0x0000000085900000, 0x0000000085900000| Complete 
|  90|0x0000000085a00000, 0x0000000085b00000, 0x0000000085b00000|100%| E|CS|TAMS 0x0000000085a00000, 0x0000000085a00000| Complete 
|  91|0x0000000085b00000, 0x0000000085c00000, 0x0000000085c00000|100%| E|CS|TAMS 0x0000000085b00000, 0x0000000085b00000| Complete 
|  92|0x0000000085c00000, 0x0000000085d00000, 0x0000000085d00000|100%| E|CS|TAMS 0x0000000085c00000, 0x0000000085c00000| Complete 
|  93|0x0000000085d00000, 0x0000000085e00000, 0x0000000085e00000|100%| E|CS|TAMS 0x0000000085d00000, 0x0000000085d00000| Complete 
|  94|0x0000000085e00000, 0x0000000085f00000, 0x0000000085f00000|100%| E|CS|TAMS 0x0000000085e00000, 0x0000000085e00000| Complete 
|  95|0x0000000085f00000, 0x0000000086000000, 0x0000000086000000|100%| E|CS|TAMS 0x0000000085f00000, 0x0000000085f00000| Complete 
|  96|0x0000000086000000, 0x0000000086100000, 0x0000000086100000|100%| E|CS|TAMS 0x0000000086000000, 0x0000000086000000| Complete 
|  97|0x0000000086100000, 0x0000000086118190, 0x0000000086200000|  9%| S|CS|TAMS 0x0000000086100000, 0x0000000086100000| Complete 
|  98|0x0000000086200000, 0x0000000086300000, 0x0000000086300000|100%| S|CS|TAMS 0x0000000086200000, 0x0000000086200000| Complete 
|  99|0x0000000086300000, 0x0000000086400000, 0x0000000086400000|100%| E|CS|TAMS 0x0000000086300000, 0x0000000086300000| Complete 
| 100|0x0000000086400000, 0x0000000086500000, 0x0000000086500000|100%| E|CS|TAMS 0x0000000086400000, 0x0000000086400000| Complete 
| 101|0x0000000086500000, 0x0000000086600000, 0x0000000086600000|100%| E|CS|TAMS 0x0000000086500000, 0x0000000086500000| Complete 
| 102|0x0000000086600000, 0x0000000086700000, 0x0000000086700000|100%| E|CS|TAMS 0x0000000086600000, 0x0000000086600000| Complete 
| 103|0x0000000086700000, 0x0000000086800000, 0x0000000086800000|100%| E|CS|TAMS 0x0000000086700000, 0x0000000086700000| Complete 
| 104|0x0000000086800000, 0x0000000086900000, 0x0000000086900000|100%| E|CS|TAMS 0x0000000086800000, 0x0000000086800000| Complete 
| 105|0x0000000086900000, 0x0000000086a00000, 0x0000000086a00000|100%| E|CS|TAMS 0x0000000086900000, 0x0000000086900000| Complete 
| 106|0x0000000086a00000, 0x0000000086b00000, 0x0000000086b00000|100%| E|CS|TAMS 0x0000000086a00000, 0x0000000086a00000| Complete 
| 107|0x0000000086b00000, 0x0000000086c00000, 0x0000000086c00000|100%| E|CS|TAMS 0x0000000086b00000, 0x0000000086b00000| Complete 
| 108|0x0000000086c00000, 0x0000000086d00000, 0x0000000086d00000|100%| E|CS|TAMS 0x0000000086c00000, 0x0000000086c00000| Complete 
| 109|0x0000000086d00000, 0x0000000086e00000, 0x0000000086e00000|100%| E|CS|TAMS 0x0000000086d00000, 0x0000000086d00000| Complete 
| 110|0x0000000086e00000, 0x0000000086f00000, 0x0000000086f00000|100%| E|CS|TAMS 0x0000000086e00000, 0x0000000086e00000| Complete 
| 111|0x0000000086f00000, 0x0000000087000000, 0x0000000087000000|100%| E|CS|TAMS 0x0000000086f00000, 0x0000000086f00000| Complete 
| 112|0x0000000087000000, 0x0000000087100000, 0x0000000087100000|100%| E|CS|TAMS 0x0000000087000000, 0x0000000087000000| Complete 
| 113|0x0000000087100000, 0x0000000087200000, 0x0000000087200000|100%| E|CS|TAMS 0x0000000087100000, 0x0000000087100000| Complete 
| 114|0x0000000087200000, 0x0000000087300000, 0x0000000087300000|100%| E|CS|TAMS 0x0000000087200000, 0x0000000087200000| Complete 
| 115|0x0000000087300000, 0x0000000087400000, 0x0000000087400000|100%| E|CS|TAMS 0x0000000087300000, 0x0000000087300000| Complete 
| 116|0x0000000087400000, 0x0000000087500000, 0x0000000087500000|100%| E|CS|TAMS 0x0000000087400000, 0x0000000087400000| Complete 
| 117|0x0000000087500000, 0x0000000087600000, 0x0000000087600000|100%| E|CS|TAMS 0x0000000087500000, 0x0000000087500000| Complete 
| 118|0x0000000087600000, 0x0000000087700000, 0x0000000087700000|100%| E|CS|TAMS 0x0000000087600000, 0x0000000087600000| Complete 
| 119|0x0000000087700000, 0x0000000087800000, 0x0000000087800000|100%| E|CS|TAMS 0x0000000087700000, 0x0000000087700000| Complete 
| 120|0x0000000087800000, 0x0000000087900000, 0x0000000087900000|100%| E|CS|TAMS 0x0000000087800000, 0x0000000087800000| Complete 
| 121|0x0000000087900000, 0x0000000087a00000, 0x0000000087a00000|100%| E|CS|TAMS 0x0000000087900000, 0x0000000087900000| Complete 
| 122|0x0000000087a00000, 0x0000000087b00000, 0x0000000087b00000|100%| E|CS|TAMS 0x0000000087a00000, 0x0000000087a00000| Complete 
| 123|0x0000000087b00000, 0x0000000087c00000, 0x0000000087c00000|100%| E|CS|TAMS 0x0000000087b00000, 0x0000000087b00000| Complete 

Card table byte_map: [0x0000015240830000,0x0000015240c30000] _byte_map_base: 0x0000015240430000

Marking Bits (Prev, Next): (CMBitMap*) 0x000001522d6177c0, (CMBitMap*) 0x000001522d617788
 Prev Bits: [0x0000015243030000, 0x0000015245030000)
 Next Bits: [0x0000015241030000, 0x0000015243030000)

Polling page: 0x000001522b780000

Metaspace:

Usage:
  Non-class:     22.31 MB capacity,    21.88 MB ( 98%) used,   397.71 KB (  2%) free+waste,    44.94 KB ( <1%) overhead. 
      Class:      3.44 MB capacity,     3.24 MB ( 94%) used,   175.40 KB (  5%) free+waste,    22.19 KB ( <1%) overhead. 
       Both:     25.75 MB capacity,    25.12 MB ( 98%) used,   573.11 KB (  2%) free+waste,    67.12 KB ( <1%) overhead. 

Virtual space:
  Non-class space:       24.00 MB reserved,      22.42 MB ( 93%) committed 
      Class space:        1.00 GB reserved,       3.45 MB ( <1%) committed 
             Both:        1.02 GB reserved,      25.87 MB (  2%) committed 

Chunk freelists:
   Non-Class:  52.00 KB
       Class:  1.00 KB
        Both:  53.00 KB

MaxMetaspaceSize: 17179869184.00 GB
CompressedClassSpaceSize: 1.00 GB
Initial GC threshold: 20.80 MB
Current GC threshold: 35.20 MB
CDS: off

CodeHeap 'non-profiled nmethods': size=120000Kb used=1136Kb max_used=1136Kb free=118863Kb
 bounds [0x0000015238bd0000, 0x0000015238e40000, 0x0000015240100000]
CodeHeap 'profiled nmethods': size=120000Kb used=4739Kb max_used=4739Kb free=115260Kb
 bounds [0x00000152316a0000, 0x0000015231b50000, 0x0000015238bd0000]
CodeHeap 'non-nmethods': size=5760Kb used=1233Kb max_used=1262Kb free=4526Kb
 bounds [0x0000015231100000, 0x0000015231370000, 0x00000152316a0000]
 total_blobs=2734 nmethods=2234 adapters=412
 compilation: enabled
              stopped_count=0, restarted_count=0
 full_count=0

Compilation events (20 events):
Event: 6.258 Thread 0x0000015247ab0000 2228       3       jdk.internal.org.objectweb.asm.MethodVisitor::visitVarInsn (17 bytes)
Event: 6.259 Thread 0x0000015247ab0000 nmethod 2228 0x0000015231b3ac10 code [0x0000015231b3adc0, 0x0000015231b3afa8]
Event: 6.260 Thread 0x0000015247ab0000 2229       3       sun.invoke.util.VerifyAccess::isSamePackage (32 bytes)
Event: 6.261 Thread 0x0000015247ab0000 nmethod 2229 0x0000015231b3b090 code [0x0000015231b3b3a0, 0x0000015231b3c688]
Event: 6.261 Thread 0x0000015247ab0000 2230       3       java.util.concurrent.locks.ReentrantLock$NonfairSync::tryAcquire (6 bytes)
Event: 6.261 Thread 0x0000015247ab0000 nmethod 2230 0x0000015231b3cc10 code [0x0000015231b3cdc0, 0x0000015231b3cee8]
Event: 6.266 Thread 0x0000015247ab0000 2233       3       com.google.common.base.CharMatcher$IsEither::matches (22 bytes)
Event: 6.267 Thread 0x0000015247ab0000 nmethod 2233 0x0000015231b3cf90 code [0x0000015231b3d140, 0x0000015231b3d2d8]
Event: 6.267 Thread 0x0000015247ab0000 2234       3       java.util.Collections$UnmodifiableCollection::size (10 bytes)
Event: 6.267 Thread 0x0000015247ab0000 nmethod 2234 0x0000015231b3d390 code [0x0000015231b3d540, 0x0000015231b3d708]
Event: 6.267 Thread 0x0000015247ab0000 2235       3       java.util.Collections$UnmodifiableList::get (11 bytes)
Event: 6.267 Thread 0x0000015247ab0000 nmethod 2235 0x0000015231b3d810 code [0x0000015231b3d9c0, 0x0000015231b3db88]
Event: 6.267 Thread 0x0000015247ab0000 2237       3       org.gradle.api.internal.file.pattern.PatternMatcherFactory::compile (117 bytes)
Event: 6.268 Thread 0x0000015247ab0000 nmethod 2237 0x0000015231b3dc90 code [0x0000015231b3df40, 0x0000015231b3ebd8]
Event: 6.268 Thread 0x0000015247ab0000 2236       1       org.gradle.api.internal.file.pattern.EndOfPathMatcher::getMaxSegments (2 bytes)
Event: 6.268 Thread 0x0000015247ab0000 nmethod 2236 0x0000015238ceb990 code [0x0000015238cebb40, 0x0000015238cebbf8]
Event: 6.270 Thread 0x0000015247ab0000 2238       3       jdk.internal.reflect.NativeMethodAccessorImpl::invoke (104 bytes)
Event: 6.272 Thread 0x0000015247ab0000 nmethod 2238 0x0000015231b3ef90 code [0x0000015231b3f240, 0x0000015231b40118]
Event: 6.272 Thread 0x0000015247ab0000 2240       3       java.util.concurrent.locks.ReentrantLock::<init> (16 bytes)
Event: 6.272 Thread 0x0000015247ab0000 nmethod 2240 0x0000015231b40610 code [0x0000015231b40800, 0x0000015231b40bf8]

GC Heap History (6 events):
Event: 2.603 GC heap before
{Heap before GC invocations=0 (full 0):
 garbage-first heap   total 126976K, used 29696K [0x0000000080000000, 0x0000000100000000)
  region size 1024K, 24 young (24576K), 0 survivors (0K)
 Metaspace       used 10119K, capacity 10403K, committed 10624K, reserved 1058816K
  class space    used 1034K, capacity 1106K, committed 1152K, reserved 1048576K
}
Event: 2.611 GC heap after
{Heap after GC invocations=1 (full 0):
 garbage-first heap   total 126976K, used 9797K [0x0000000080000000, 0x0000000100000000)
  region size 1024K, 3 young (3072K), 3 survivors (3072K)
 Metaspace       used 10119K, capacity 10403K, committed 10624K, reserved 1058816K
  class space    used 1034K, capacity 1106K, committed 1152K, reserved 1048576K
}
Event: 5.557 GC heap before
{Heap before GC invocations=1 (full 0):
 garbage-first heap   total 126976K, used 83525K [0x0000000080000000, 0x0000000100000000)
  region size 1024K, 74 young (75776K), 3 survivors (3072K)
 Metaspace       used 17911K, capacity 18339K, committed 18432K, reserved 1064960K
  class space    used 2100K, capacity 2244K, committed 2304K, reserved 1048576K
}
Event: 5.563 GC heap after
{Heap after GC invocations=2 (full 0):
 garbage-first heap   total 126976K, used 16576K [0x0000000080000000, 0x0000000100000000)
  region size 1024K, 10 young (10240K), 10 survivors (10240K)
 Metaspace       used 17911K, capacity 18339K, committed 18432K, reserved 1064960K
  class space    used 2100K, capacity 2244K, committed 2304K, reserved 1048576K
}
Event: 5.823 GC heap before
{Heap before GC invocations=2 (full 0):
 garbage-first heap   total 126976K, used 41152K [0x0000000080000000, 0x0000000100000000)
  region size 1024K, 35 young (35840K), 10 survivors (10240K)
 Metaspace       used 20815K, capacity 21193K, committed 21296K, reserved 1069056K
  class space    used 2532K, capacity 2684K, committed 2688K, reserved 1048576K
}
Event: 5.831 GC heap after
{Heap after GC invocations=3 (full 0):
 garbage-first heap   total 126976K, used 17938K [0x0000000080000000, 0x0000000100000000)
  region size 1024K, 2 young (2048K), 2 survivors (2048K)
 Metaspace       used 20815K, capacity 21193K, committed 21296K, reserved 1069056K
  class space    used 2532K, capacity 2684K, committed 2688K, reserved 1048576K
}

Deoptimization events (20 events):
Event: 5.793 Thread 0x0000015249896000 Uncommon trap: trap_request=0xffffff4d fr.pc=0x0000015238c430b4 relative=0x0000000000000474
Event: 5.793 Thread 0x0000015249896000 Uncommon trap: reason=unstable_if action=reinterpret pc=0x0000015238c430b4 method=java.lang.String.substring(I)Ljava/lang/String; @ 34 c2
Event: 5.793 Thread 0x0000015249896000 DEOPT PACKING pc=0x0000015238c430b4 sp=0x0000003366dfaf40
Event: 5.794 Thread 0x0000015249896000 DEOPT UNPACKING pc=0x00000152311085af sp=0x0000003366dfaf18 mode 2
Event: 5.901 Thread 0x0000015249896000 Uncommon trap: trap_request=0xffffff4d fr.pc=0x0000015238cbab18 relative=0x0000000000000398
Event: 5.901 Thread 0x0000015249896000 Uncommon trap: reason=unstable_if action=reinterpret pc=0x0000015238cbab18 method=jdk.internal.org.objectweb.asm.Type.getArgumentsAndReturnSizes(Ljava/lang/String;)I @ 88 c2
Event: 5.901 Thread 0x0000015249896000 DEOPT PACKING pc=0x0000015238cbab18 sp=0x0000003366df92e0
Event: 5.901 Thread 0x0000015249896000 DEOPT UNPACKING pc=0x00000152311085af sp=0x0000003366df9268 mode 2
Event: 6.051 Thread 0x0000015249896000 Uncommon trap: trap_request=0xffffff4d fr.pc=0x0000015238c74084 relative=0x0000000000000244
Event: 6.051 Thread 0x0000015249896000 Uncommon trap: reason=unstable_if action=reinterpret pc=0x0000015238c74084 method=java.util.concurrent.ConcurrentHashMap.get(Ljava/lang/Object;)Ljava/lang/Object; @ 76 c2
Event: 6.051 Thread 0x0000015249896000 DEOPT PACKING pc=0x0000015238c74084 sp=0x0000003366df8500
Event: 6.051 Thread 0x0000015249896000 DEOPT UNPACKING pc=0x00000152311085af sp=0x0000003366df8468 mode 2
Event: 6.264 Thread 0x0000015249896000 Uncommon trap: trap_request=0xffffff7e fr.pc=0x0000015238ce8810 relative=0x0000000000000150
Event: 6.264 Thread 0x0000015249896000 Uncommon trap: reason=predicate action=maybe_recompile pc=0x0000015238ce8810 method=com.google.common.base.CharMatcher.indexIn(Ljava/lang/CharSequence;I)I @ 19 c2
Event: 6.264 Thread 0x0000015249896000 DEOPT PACKING pc=0x0000015238ce8810 sp=0x0000003366dfb370
Event: 6.264 Thread 0x0000015249896000 DEOPT UNPACKING pc=0x00000152311085af sp=0x0000003366dfb300 mode 2
Event: 6.277 Thread 0x0000015249896000 Uncommon trap: trap_request=0xffffff4d fr.pc=0x0000015238c7e8a4 relative=0x00000000000013e4
Event: 6.277 Thread 0x0000015249896000 Uncommon trap: reason=unstable_if action=reinterpret pc=0x0000015238c7e8a4 method=java.util.concurrent.ConcurrentHashMap.putVal(Ljava/lang/Object;Ljava/lang/Object;Z)Ljava/lang/Object; @ 231 c2
Event: 6.277 Thread 0x0000015249896000 DEOPT PACKING pc=0x0000015238c7e8a4 sp=0x0000003366dfc650
Event: 6.277 Thread 0x0000015249896000 DEOPT UNPACKING pc=0x00000152311085af sp=0x0000003366dfc5d0 mode 2

Classes redefined (0 events):
No events

Internal exceptions (20 events):
Event: 5.057 Thread 0x000001522d5d5000 Exception <a 'java/lang/NoSuchMethodError'{0x00000000842523f0}: 'java.lang.Object java.lang.invoke.DirectMethodHandle$Holder.invokeStaticInit(java.lang.Object, java.lang.Object, int, int, int, int)'> (0x00000000842523f0) thrown at [src/hotspot/share/interpreter/linkResolver.cpp, line 773]
Event: 5.359 Thread 0x000001522d5d5000 Exception <a 'java/io/IOException'{0x0000000084035638}> (0x0000000084035638) thrown at [src/hotspot/share/prims/jni.cpp, line 617]
Event: 5.476 Thread 0x0000015249896000 Exception <a 'java/lang/NoSuchMethodError'{0x0000000083af6780}: 'long java.lang.invoke.DirectMethodHandle$Holder.invokeInterface(java.lang.Object, java.lang.Object)'> (0x0000000083af6780) thrown at [src/hotspot/share/interpreter/linkResolver.cpp, line 773]
Event: 5.477 Thread 0x0000015249896000 Exception <a 'java/lang/NoSuchMethodError'{0x0000000083903d60}: 'void java.lang.invoke.DelegatingMethodHandle$Holder.reinvoke_L(java.lang.Object, java.lang.Object, java.lang.Object, java.lang.Object, java.lang.Object, java.lang.Object, java.lang.Object)'> (0x0000000083903d60) thrown at [src/hotspot/share/interpreter/linkResolver.cpp, line 773]
Event: 5.704 Thread 0x0000015249896000 Exception <a 'java/lang/NoSuchMethodError'{0x00000000869925b0}: 'void java.lang.invoke.DirectMethodHandle$Holder.invokeStaticInit(java.lang.Object)'> (0x00000000869925b0) thrown at [src/hotspot/share/interpreter/linkResolver.cpp, line 773]
Event: 5.713 Thread 0x0000015249896000 Exception <a 'java/lang/NoSuchMethodError'{0x000000008683f128}: 'java.lang.Object java.lang.invoke.DirectMethodHandle$Holder.invokeStatic(java.lang.Object, java.lang.Object, java.lang.Object, int)'> (0x000000008683f128) thrown at [src/hotspot/share/interpreter/linkResolver.cpp, line 773]
Event: 5.714 Thread 0x0000015249896000 Exception <a 'java/lang/NoSuchMethodError'{0x0000000086843840}: 'java.lang.Object java.lang.invoke.DirectMethodHandle$Holder.invokeSpecial(java.lang.Object, java.lang.Object, java.lang.Object, java.lang.Object, int)'> (0x0000000086843840) thrown at [src/hotspot/share/interpreter/linkResolver.cpp, line 773]
Event: 5.714 Thread 0x0000015249896000 Exception <a 'java/lang/NoSuchMethodError'{0x0000000086847778}: 'java.lang.Object java.lang.invoke.Invokers$Holder.linkToTargetMethod(java.lang.Object, java.lang.Object, int, java.lang.Object)'> (0x0000000086847778) thrown at [src/hotspot/share/interpreter/linkResolver.cpp, line 773]
Event: 5.851 Thread 0x0000015249896000 Exception <a 'java/lang/NoSuchMethodError'{0x0000000087a080c8}: 'int java.lang.invoke.DirectMethodHandle$Holder.invokeSpecialIFC(java.lang.Object, java.lang.Object, java.lang.Object, java.lang.Object)'> (0x0000000087a080c8) thrown at [src/hotspot/share/interpreter/linkResolver.cpp, line 773]
Event: 5.852 Thread 0x0000015249896000 Exception <a 'java/lang/NoSuchMethodError'{0x0000000087a16080}: 'java.lang.Object java.lang.invoke.DirectMethodHandle$Holder.invokeInterface(java.lang.Object, java.lang.Object, java.lang.Object)'> (0x0000000087a16080) thrown at [src/hotspot/share/interpreter/linkResolver.cpp, line 773]
Event: 5.853 Thread 0x0000015249896000 Exception <a 'java/lang/IncompatibleClassChangeError'{0x0000000087a19558}: Found class java.lang.Object, but interface was expected> (0x0000000087a19558) thrown at [src/hotspot/share/interpreter/linkResolver.cpp, line 839]
Event: 5.931 Thread 0x0000015249896000 Exception <a 'java/lang/NoSuchMethodError'{0x00000000873b3580}: 'void java.lang.invoke.DirectMethodHandle$Holder.invokeSpecial(java.lang.Object, java.lang.Object, java.lang.Object, java.lang.Object, java.lang.Object)'> (0x00000000873b3580) thrown at [src/hotspot/share/interpreter/linkResolver.cpp, line 773]
Event: 5.950 Thread 0x0000015249896000 Exception <a 'java/lang/NoSuchMethodError'{0x00000000871e1208}: 'java.lang.Object java.lang.invoke.DirectMethodHandle$Holder.invokeSpecial(java.lang.Object, java.lang.Object, java.lang.Object, java.lang.Object, java.lang.Object, java.lang.Object, java.lang.Object, java.lang.Object, java.lang.Object)'> (0x00000000871e1208) thrown at [src/hotspot/share/interpreter/linkResolver.cpp, line 773]
Event: 6.005 Thread 0x0000015249896000 Exception <a 'java/lang/NoSuchMethodError'{0x000000008663fd78}: 'java.lang.Object java.lang.invoke.DirectMethodHandle$Holder.invokeVirtual(java.lang.Object, java.lang.Object, java.lang.Object, java.lang.Object)'> (0x000000008663fd78) thrown at [src/hotspot/share/interpreter/linkResolver.cpp, line 773]
Event: 6.080 Thread 0x0000015249896000 Exception <a 'java/lang/NoSuchMethodError'{0x0000000085e8c000}: 'void java.lang.invoke.DirectMethodHandle$Holder.invokeSpecial(java.lang.Object, java.lang.Object, java.lang.Object, java.lang.Object, java.lang.Object, java.lang.Object)'> (0x0000000085e8c000) thrown at [src/hotspot/share/interpreter/linkResolver.cpp, line 773]
Event: 6.091 Thread 0x0000015249896000 Exception <a 'java/lang/NoSuchMethodError'{0x0000000085efb328}: 'void java.lang.invoke.DirectMethodHandle$Holder.invokeSpecial(java.lang.Object, java.lang.Object, java.lang.Object, java.lang.Object, java.lang.Object, java.lang.Object, java.lang.Object)'> (0x0000000085efb328) thrown at [src/hotspot/share/interpreter/linkResolver.cpp, line 773]
Event: 6.091 Thread 0x0000015249896000 Exception <a 'java/lang/NoSuchMethodError'{0x0000000085d03cb0}: 'java.lang.Object java.lang.invoke.Invokers$Holder.linkToTargetMethod(java.lang.Object, java.lang.Object, java.lang.Object, java.lang.Object, java.lang.Object, java.lang.Object)'> (0x0000000085d03cb0) thrown at [src/hotspot/share/interpreter/linkResolver.cpp, line 773]
Event: 6.114 Thread 0x0000015249896000 Exception <a 'java/lang/NoSuchMethodError'{0x0000000085ccc5a0}: 'java.lang.Object java.lang.invoke.DirectMethodHandle$Holder.invokeVirtual(java.lang.Object, java.lang.Object, java.lang.Object, java.lang.Object, java.lang.Object, java.lang.Object, java.lang.Object, java.lang.Object, java.lang.Object, java.lang.Object, java.lang.Object, java.lang.Object, java.lang.Object, java.lang.Object, java.lang.Object, java.lang.Object, java.lang.Object, java.lang.Object, java.lang.Object, java.lang.Object, java.lang.Ob
Event: 6.161 Thread 0x0000015249896000 Exception <a 'java/lang/NoSuchMethodError'{0x00000000854ce820}: 'int java.lang.invoke.DirectMethodHandle$Holder.invokeStaticInit(java.lang.Object, java.lang.Object, java.lang.Object)'> (0x00000000854ce820) thrown at [src/hotspot/share/interpreter/linkResolver.cpp, line 773]
Event: 6.220 Thread 0x0000015249896000 Exception <a 'java/lang/NoSuchMethodError'{0x0000000084f5e468}: 'void java.lang.invoke.DirectMethodHandle$Holder.invokeStaticInit(java.lang.Object, java.lang.Object)'> (0x0000000084f5e468) thrown at [src/hotspot/share/interpreter/linkResolver.cpp, line 773]

Events (20 events):
Event: 6.275 loading class org/gradle/internal/watch/vfs/impl/WatchingVirtualFileSystem$1
Event: 6.275 loading class org/gradle/internal/watch/vfs/impl/WatchingVirtualFileSystem$1 done
Event: 6.276 loading class org/gradle/internal/watch/vfs/FileSystemWatchingStatistics
Event: 6.276 loading class org/gradle/internal/watch/vfs/FileSystemWatchingStatistics done
Event: 6.277 loading class org/gradle/internal/watch/vfs/BuildStartedFileSystemWatchingBuildOperationType$Details
Event: 6.277 loading class org/gradle/internal/watch/vfs/BuildStartedFileSystemWatchingBuildOperationType$Details done
Event: 6.277 loading class org/gradle/internal/watch/vfs/BuildStartedFileSystemWatchingBuildOperationType$Details$1
Event: 6.277 loading class org/gradle/internal/watch/vfs/BuildStartedFileSystemWatchingBuildOperationType$Details$1 done
Event: 6.277 loading class net/rubygrapefruit/platform/internal/FileSystemList
Event: 6.277 loading class net/rubygrapefruit/platform/internal/FileSystemList done
Event: 6.278 loading class net/rubygrapefruit/platform/file/CaseSensitivity
Event: 6.278 loading class net/rubygrapefruit/platform/file/CaseSensitivity done
Event: 6.278 loading class net/rubygrapefruit/platform/internal/jni/PosixFileSystemFunctions
Event: 6.278 loading class net/rubygrapefruit/platform/internal/jni/PosixFileSystemFunctions done
Event: 6.279 loading class net/rubygrapefruit/platform/internal/DefaultFileSystemInfo
Event: 6.279 loading class net/rubygrapefruit/platform/internal/DefaultFileSystemInfo done
Event: 6.279 loading class net/rubygrapefruit/platform/file/FileSystemInfo
Event: 6.279 loading class net/rubygrapefruit/platform/file/FileSystemInfo done
Event: 6.279 loading class net/rubygrapefruit/platform/internal/FileSystemList$DefaultCaseSensitivity
Event: 6.279 loading class net/rubygrapefruit/platform/internal/FileSystemList$DefaultCaseSensitivity done


Dynamic libraries:
0x00007ff687ff0000 - 0x00007ff687ffa000 	E:\Program Files\Android\Android Studio\jbr\bin\java.exe
0x00007ff9dbed0000 - 0x00007ff9dc0c8000 	C:\WINDOWS\SYSTEM32\ntdll.dll
0x00007ff9d9fd0000 - 0x00007ff9da08d000 	C:\WINDOWS\System32\KERNEL32.DLL
0x00007ff9d9af0000 - 0x00007ff9d9dc2000 	C:\WINDOWS\System32\KERNELBASE.dll
0x00007ff9d98b0000 - 0x00007ff9d99b0000 	C:\WINDOWS\System32\ucrtbase.dll
0x00007ff9af900000 - 0x00007ff9af917000 	E:\Program Files\Android\Android Studio\jbr\bin\jli.dll
0x00007ff99fad0000 - 0x00007ff99faeb000 	E:\Program Files\Android\Android Studio\jbr\bin\VCRUNTIME140.dll
0x00007ff9db410000 - 0x00007ff9db5ad000 	C:\WINDOWS\System32\USER32.dll
0x00007ff9d99b0000 - 0x00007ff9d99d2000 	C:\WINDOWS\System32\win32u.dll
0x00007ff9db2b0000 - 0x00007ff9db2db000 	C:\WINDOWS\System32\GDI32.dll
0x00007ff9ba3b0000 - 0x00007ff9ba64a000 	C:\WINDOWS\WinSxS\amd64_microsoft.windows.common-controls_6595b64144ccf1df_6.0.19041.1110_none_60b5254171f9507e\COMCTL32.dll
0x00007ff9d9650000 - 0x00007ff9d975f000 	C:\WINDOWS\System32\gdi32full.dll
0x00007ff9d9f30000 - 0x00007ff9d9fce000 	C:\WINDOWS\System32\msvcrt.dll
0x00007ff9d9810000 - 0x00007ff9d98ad000 	C:\WINDOWS\System32\msvcp_win.dll
0x00007ff9db220000 - 0x00007ff9db250000 	C:\WINDOWS\System32\IMM32.DLL
0x00007ff9cbf40000 - 0x00007ff9cbf4c000 	E:\Program Files\Android\Android Studio\jbr\bin\vcruntime140_1.dll
0x00007ff99ccf0000 - 0x00007ff99cd7d000 	E:\Program Files\Android\Android Studio\jbr\bin\msvcp140.dll
0x00007ff93d660000 - 0x00007ff93e21c000 	E:\Program Files\Android\Android Studio\jbr\bin\server\jvm.dll
0x00007ff9db010000 - 0x00007ff9db0be000 	C:\WINDOWS\System32\ADVAPI32.dll
0x00007ff9db180000 - 0x00007ff9db21c000 	C:\WINDOWS\System32\sechost.dll
0x00007ff9dae70000 - 0x00007ff9daf95000 	C:\WINDOWS\System32\RPCRT4.dll
0x00007ff9da910000 - 0x00007ff9da918000 	C:\WINDOWS\System32\PSAPI.DLL
0x00007ff9a75c0000 - 0x00007ff9a75c9000 	C:\WINDOWS\SYSTEM32\WSOCK32.dll
0x00007ff9d8300000 - 0x00007ff9d830a000 	C:\WINDOWS\SYSTEM32\VERSION.dll
0x00007ff9dafa0000 - 0x00007ff9db00b000 	C:\WINDOWS\System32\WS2_32.dll
0x00007ff9b53b0000 - 0x00007ff9b53d7000 	C:\WINDOWS\SYSTEM32\WINMM.dll
0x00007ff9d7e10000 - 0x00007ff9d7e22000 	C:\WINDOWS\SYSTEM32\kernel.appcore.dll
0x00007ff9c4010000 - 0x00007ff9c4020000 	E:\Program Files\Android\Android Studio\jbr\bin\verify.dll
0x00007ff9d70d0000 - 0x00007ff9d72b4000 	C:\WINDOWS\SYSTEM32\DBGHELP.DLL
0x00007ff9b5340000 - 0x00007ff9b536c000 	C:\WINDOWS\SYSTEM32\dbgcore.DLL
0x00007ff9d9a30000 - 0x00007ff9d9ab2000 	C:\WINDOWS\System32\bcryptPrimitives.dll
0x00007ff9a2390000 - 0x00007ff9a23b8000 	E:\Program Files\Android\Android Studio\jbr\bin\java.dll
0x00007ff9c4000000 - 0x00007ff9c400a000 	E:\Program Files\Android\Android Studio\jbr\bin\jimage.dll
0x00007ff9ba020000 - 0x00007ff9ba038000 	E:\Program Files\Android\Android Studio\jbr\bin\zip.dll
0x00007ff9db5b0000 - 0x00007ff9dbcf3000 	C:\WINDOWS\System32\SHELL32.dll
0x00007ff9d7540000 - 0x00007ff9d7cd1000 	C:\WINDOWS\SYSTEM32\windows.storage.dll
0x00007ff9da1a0000 - 0x00007ff9da4f4000 	C:\WINDOWS\System32\combase.dll
0x00007ff9d9040000 - 0x00007ff9d9070000 	C:\WINDOWS\SYSTEM32\Wldp.dll
0x00007ff9db0c0000 - 0x00007ff9db16d000 	C:\WINDOWS\System32\SHCORE.dll
0x00007ff9db250000 - 0x00007ff9db2a5000 	C:\WINDOWS\System32\shlwapi.dll
0x00007ff9d9520000 - 0x00007ff9d953f000 	C:\WINDOWS\SYSTEM32\profapi.dll
0x00007ff9a0720000 - 0x00007ff9a0739000 	E:\Program Files\Android\Android Studio\jbr\bin\net.dll
0x00007ff9d1ce0000 - 0x00007ff9d1ded000 	C:\WINDOWS\SYSTEM32\WINHTTP.dll
0x00007ff9d8da0000 - 0x00007ff9d8e0a000 	C:\WINDOWS\system32\mswsock.dll
0x00007ff9a0700000 - 0x00007ff9a0713000 	E:\Program Files\Android\Android Studio\jbr\bin\nio.dll
0x00007ff99ef80000 - 0x00007ff99efa7000 	C:\Users\Robert\.gradle\native\e1d6ef7f7dcc3fd88c89a11ec53ec762bb8ba0a96d01ffa2cd45eb1d1d8dd5c5\windows-amd64\native-platform.dll
0x00007ff98e320000 - 0x00007ff98e464000 	C:\Users\Robert\.gradle\native\0d407fdbe67a94daf76414ababcb853783967236a71b16ec16e742cd7a986fd3\windows-amd64\native-platform-file-events.dll
0x00007ff9c29c0000 - 0x00007ff9c29ca000 	E:\Program Files\Android\Android Studio\jbr\bin\management.dll
0x00007ff9bc2f0000 - 0x00007ff9bc2fb000 	E:\Program Files\Android\Android Studio\jbr\bin\management_ext.dll
0x00007ff9d8f90000 - 0x00007ff9d8fa8000 	C:\WINDOWS\SYSTEM32\CRYPTSP.dll
0x00007ff9d8650000 - 0x00007ff9d8684000 	C:\WINDOWS\system32\rsaenh.dll
0x00007ff9d9ac0000 - 0x00007ff9d9ae7000 	C:\WINDOWS\System32\bcrypt.dll
0x00007ff9d94e0000 - 0x00007ff9d950e000 	C:\WINDOWS\SYSTEM32\USERENV.dll
0x00007ff9d8fb0000 - 0x00007ff9d8fbc000 	C:\WINDOWS\SYSTEM32\CRYPTBASE.dll
0x00007ff9d8a40000 - 0x00007ff9d8a7b000 	C:\WINDOWS\SYSTEM32\IPHLPAPI.DLL
0x00007ff9da6b0000 - 0x00007ff9da6b8000 	C:\WINDOWS\System32\NSI.dll
0x00007ff9d22e0000 - 0x00007ff9d22f7000 	C:\WINDOWS\SYSTEM32\dhcpcsvc6.DLL
0x00007ff9d1920000 - 0x00007ff9d193d000 	C:\WINDOWS\SYSTEM32\dhcpcsvc.DLL
0x00007ff9d8a90000 - 0x00007ff9d8b5a000 	C:\WINDOWS\SYSTEM32\DNSAPI.dll

dbghelp: loaded successfully - version: 4.0.5 - missing functions: none
symbol engine: initialized successfully - sym options: 0x614 - pdb path: .;E:\Program Files\Android\Android Studio\jbr\bin;C:\WINDOWS\SYSTEM32;C:\WINDOWS\WinSxS\amd64_microsoft.windows.common-controls_6595b64144ccf1df_6.0.19041.1110_none_60b5254171f9507e;E:\Program Files\Android\Android Studio\jbr\bin\server;C:\Users\Robert\.gradle\native\e1d6ef7f7dcc3fd88c89a11ec53ec762bb8ba0a96d01ffa2cd45eb1d1d8dd5c5\windows-amd64;C:\Users\Robert\.gradle\native\0d407fdbe67a94daf76414ababcb853783967236a71b16ec16e742cd7a986fd3\windows-amd64

VM Arguments:
jvm_args: --add-opens=java.base/java.util=ALL-UNNAMED --add-opens=java.base/java.lang=ALL-UNNAMED --add-opens=java.base/java.lang.invoke=ALL-UNNAMED --add-opens=java.base/java.util=ALL-UNNAMED --add-opens=java.prefs/java.util.prefs=ALL-UNNAMED --add-opens=java.prefs/java.util.prefs=ALL-UNNAMED --add-opens=java.base/java.nio.charset=ALL-UNNAMED --add-opens=java.base/java.net=ALL-UNNAMED --add-opens=java.base/java.util.concurrent.atomic=ALL-UNNAMED -Xmx2048m -Dfile.encoding=UTF-8 -Duser.country=TW -Duser.language=zh -Duser.variant 
java_command: org.gradle.launcher.daemon.bootstrap.GradleDaemon 7.4
java_class_path (initial): C:\Users\Robert\.gradle\wrapper\dists\gradle-7.4-bin\c0gwcg53nkjbqw7r0h0umtfvt\gradle-7.4\lib\gradle-launcher-7.4.jar
Launcher Type: SUN_STANDARD

[Global flags]
     intx CICompilerCount                          = 4                                         {product} {ergonomic}
     uint ConcGCThreads                            = 2                                         {product} {ergonomic}
     uint G1ConcRefinementThreads                  = 8                                         {product} {ergonomic}
   size_t G1HeapRegionSize                         = 1048576                                   {product} {ergonomic}
    uintx GCDrainStackTargetSize                   = 64                                        {product} {ergonomic}
   size_t InitialHeapSize                          = 130023424                                 {product} {ergonomic}
   size_t MarkStackSize                            = 4194304                                   {product} {ergonomic}
   size_t MaxHeapSize                              = 2147483648                                {product} {command line}
   size_t MaxNewSize                               = 1287651328                                {product} {ergonomic}
   size_t MinHeapDeltaBytes                        = 1048576                                   {product} {ergonomic}
    uintx NonNMethodCodeHeapSize                   = 5836300                                {pd product} {ergonomic}
    uintx NonProfiledCodeHeapSize                  = 122910970                              {pd product} {ergonomic}
    uintx ProfiledCodeHeapSize                     = 122910970                              {pd product} {ergonomic}
    uintx ReservedCodeCacheSize                    = 251658240                              {pd product} {ergonomic}
     bool SegmentedCodeCache                       = true                                      {product} {ergonomic}
     bool UseCompressedClassPointers               = true                                 {lp64_product} {ergonomic}
     bool UseCompressedOops                        = true                                 {lp64_product} {ergonomic}
     bool UseG1GC                                  = true                                      {product} {ergonomic}
     bool UseLargePagesIndividualAllocation        = false                                  {pd product} {ergonomic}

Logging:
Log output configuration:
 #0: stdout all=warning uptime,level,tags
 #1: stderr all=off uptime,level,tags

Environment Variables:
JAVA_HOME=C:\Program Files\Java\jdk1.8.0_60
PATH=C:\Program Files\Microsoft\jdk-11.0.12.7-hotspot\bin;C:\Program Files (x86)\Embarcadero\Studio\20.0\bin;C:\Users\Public\Documents\Embarcadero\Studio\20.0\Bpl;C:\Program Files (x86)\Embarcadero\Studio\20.0\bin64;C:\Users\Public\Documents\Embarcadero\Studio\20.0\Bpl\Win64;C:\Program Files (x86)\Common Files\Oracle\Java\javapath;C:\ProgramData\Oracle\Java\javapath;C:\WINDOWS\system32;C:\WINDOWS;C:\WINDOWS\System32\Wbem;C:\WINDOWS\System32\WindowsPowerShell\v1.0\;C:\WINDOWS\System32\OpenSSH\;C:\Program Files (x86)\Windows Kits\10\Windows Performance Toolkit\;C:\Program Files\CMake\bin;C:\Program Files\TortoiseSVN\bin;C:\Program Files\PuTTY\;HJAVA_HOMEH\bin;H;AVA_HOMEH\jre\bin;;NDROID_HOMEH\tools;;NDROID_HOMEH\tools\bin;;NDROID_HOMEH\platform-tools;;\mingw64\bin;C:\Program Files\dotnet\;C:\Program Files\Microsoft SQL Server\130\Tools\Binn\;C:\Program Files\Microsoft SQL Server\Client SDK\ODBC\170\Tools\Binn\;C:\Program Files\Microsoft SQL Server\Client SDK\ODBC\110\Tools\Binn\;C:\Program Files (x86)\Microsoft SQL Server\120\Tools\Binn\;C:\Program Files\Microsoft SQL Server\120\Tools\Binn\;C:\Program Files\Microsoft SQL Server\120\DTS\Binn\;C:\Program Files (x86)\Microsoft SQL Server\120\Tools\Binn\ManagementStudio\;C:\Program Files (x86)\Microsoft SQL Server\120\DTS\Binn\;C:\Program Files\Microsoft\Web Platform Installer\;C:\PHP;c:\winnmp\bin;C:\Program Files\TortoiseGit\bin;C:\Program Files\Git\cmd;C:\Program Files\Microsoft SQL Server\150\Tools\Binn\;C:\Users\Robert\AppData\Local\Microsoft\WindowsApps;C:\WinNMP\bin;C:\Users\Robert\.dotnet\tools;C:\Users\Robert\AppData\Local\Programs\Microsoft VS Code\bin
USERNAME=Robert
OS=Windows_NT
PROCESSOR_IDENTIFIER=Intel64 Family 6 Model 140 Stepping 1, GenuineIntel



---------------  S Y S T E M  ---------------

OS: Windows 10 , 64 bit Build 19041 (10.0.19041.1889)
OS uptime: 0 days 6:20 hours

CPU:total 8 (initial active 8) (4 cores per cpu, 2 threads per core) family 6 model 140 stepping 1 microcode 0xa4, cmov, cx8, fxsr, mmx, sse, sse2, sse3, ssse3, sse4.1, sse4.2, popcnt, avx, avx2, aes, clmul, erms, 3dnowpref, lzcnt, ht, tsc, tscinvbit, bmi1, bmi2, adx, evex, sha, fma

Memory: 4k page, system-wide physical 7872M (388M free)
TotalPageFile size 11968M (AvailPageFile size 5M)
current process WorkingSet (physical memory assigned to process): 216M, peak: 219M
current process commit charge ("private bytes"): 287M, peak: 289M

vm_info: OpenJDK 64-Bit Server VM (11.0.15+0-b2043.56-9505619) for windows-amd64 JRE (11.0.15+0-b2043.56-9505619), built on Jan 19 2023 02:48:00 by "builduser" with unknown MS VC++:1929

END.
