#
# There is insufficient memory for the Java Runtime Environment to continue.
# Native memory allocation (malloc) failed to allocate 2015376 bytes for Chunk::new
# Possible reasons:
#   The system is out of physical RAM or swap space
#   The process is running with CompressedOops enabled, and the Java Heap may be blocking the growth of the native heap
# Possible solutions:
#   Reduce memory load on the system
#   Increase physical memory or swap space
#   Check if swap backing store is full
#   Decrease Java heap size (-Xmx/-Xms)
#   Decrease number of Java threads
#   Decrease Java thread stack sizes (-Xss)
#   Set larger code cache with -XX:ReservedCodeCacheSize=
#   JVM is running with Unscaled Compressed Oops mode in which the Java heap is
#     placed in the first 4GB address space. The Java Heap base address is the
#     maximum limit for the native heap growth. Please use -XX:HeapBaseMinAddress
#     to set the Java Heap base and to place the Java Heap above 4GB virtual address.
# This output file may be truncated or incomplete.
#
#  Out of Memory Error (src/hotspot/share/memory/arena.cpp:197), pid=11628, tid=8116
#
# JRE version: OpenJDK Runtime Environment (11.0.15) (build 11.0.15+0-b2043.56-9505619)
# Java VM: OpenJDK 64-Bit Server VM (11.0.15+0-b2043.56-9505619, mixed mode, tiered, compressed oops, g1 gc, windows-amd64)
# No core dump will be written. Minidumps are not enabled by default on client versions of Windows
#

---------------  S U M M A R Y ------------

Command Line: --add-opens=java.base/java.util=ALL-UNNAMED --add-opens=java.base/java.lang=ALL-UNNAMED --add-opens=java.base/java.lang.invoke=ALL-UNNAMED --add-opens=java.base/java.util=ALL-UNNAMED --add-opens=java.prefs/java.util.prefs=ALL-UNNAMED --add-opens=java.prefs/java.util.prefs=ALL-UNNAMED --add-opens=java.base/java.nio.charset=ALL-UNNAMED --add-opens=java.base/java.net=ALL-UNNAMED --add-opens=java.base/java.util.concurrent.atomic=ALL-UNNAMED -Xmx2048m -Dfile.encoding=UTF-8 -Duser.country=TW -Duser.language=zh -Duser.variant org.gradle.launcher.daemon.bootstrap.GradleDaemon 7.4

Host: 11th Gen Intel(R) Core(TM) i5-1135G7 @ 2.40GHz, 8 cores, 7G,  Windows 10 , 64 bit Build 19041 (10.0.19041.1889)
Time: Thu Apr  6 14:47:24 2023  Windows 10 , 64 bit Build 19041 (10.0.19041.1889) elapsed time: 52.494888 seconds (0d 0h 0m 52s)

---------------  T H R E A D  ---------------

Current thread (0x0000024fbb214000):  JavaThread "C2 CompilerThread0" daemon [_thread_in_native, id=8116, stack(0x00000079fce00000,0x00000079fcf00000)]


Current CompileTask:
C2:  52495 5350       4       org.objectweb.asm.Frame::execute (2318 bytes)

Stack: [0x00000079fce00000,0x00000079fcf00000]
Native frames: (J=compiled Java code, j=interpreted, Vv=VM code, C=native code)
V  [jvm.dll+0x64135a]
V  [jvm.dll+0x7d39f9]
V  [jvm.dll+0x7d51b9]
V  [jvm.dll+0x7d58a3]
V  [jvm.dll+0x2691c5]
V  [jvm.dll+0xc1a5c]
V  [jvm.dll+0xc200c]
V  [jvm.dll+0x3774a7]
V  [jvm.dll+0x342495]
V  [jvm.dll+0x34186a]
V  [jvm.dll+0x2214bd]
V  [jvm.dll+0x220498]
V  [jvm.dll+0x19e851]
V  [jvm.dll+0x230479]
V  [jvm.dll+0x22e5ef]
V  [jvm.dll+0x794de1]
V  [jvm.dll+0x78dc24]
V  [jvm.dll+0x6400f6]
C  [ucrtbase.dll+0x21bb2]
C  [KERNEL32.DLL+0x17034]
C  [ntdll.dll+0x526a1]


---------------  P R O C E S S  ---------------

Threads class SMR info:
_java_thread_list=0x0000024fc0a14610, length=122, elements={
0x0000024fa04a8000, 0x0000024fbb190800, 0x0000024fbb191800, 0x0000024fbb20e000,
0x0000024fbb212000, 0x0000024fbb213000, 0x0000024fbb214000, 0x0000024fbb218800,
0x0000024fbb21b000, 0x0000024fbb397800, 0x0000024fbda9c800, 0x0000024fbdb26000,
0x0000024fbc28e000, 0x0000024fbc8b1000, 0x0000024fbd255800, 0x0000024fbcb02800,
0x0000024fbd689000, 0x0000024fbc131800, 0x0000024fbd86f000, 0x0000024fbdb47800,
0x0000024fbd547000, 0x0000024fbd538000, 0x0000024fbd9b6800, 0x0000024fbd9b5000,
0x0000024fbd9b7800, 0x0000024fbd9b8800, 0x0000024fbd9bb800, 0x0000024fbd9b6000,
0x0000024fbd9b9000, 0x0000024fbd9ba000, 0x0000024fbd9ba800, 0x0000024fbda5f800,
0x0000024fbda5a800, 0x0000024fbda5b000, 0x0000024fbda61800, 0x0000024fbda62800,
0x0000024fbda5d800, 0x0000024fbda5d000, 0x0000024fbda69000, 0x0000024fbda63800,
0x0000024fbda68800, 0x0000024fbda64000, 0x0000024fbda65000, 0x0000024fbda67800,
0x0000024fbda66000, 0x0000024fbda66800, 0x0000024fbe842000, 0x0000024fbe83e000,
0x0000024fbe843000, 0x0000024fbe83f000, 0x0000024fbe845800, 0x0000024fbe840800,
0x0000024fbe844000, 0x0000024fbe844800, 0x0000024fbe841800, 0x0000024fbe840000,
0x0000024fbe848000, 0x0000024fbe849800, 0x0000024fbe849000, 0x0000024fbe846800,
0x0000024fbe84b000, 0x0000024fbe84a800, 0x0000024fbe84c000, 0x0000024fbe84d000,
0x0000024fbe847000, 0x0000024fbe6f8000, 0x0000024fbe6fb800, 0x0000024fbe6f9000,
0x0000024fbe6fa000, 0x0000024fbe6fa800, 0x0000024fbe6f6000, 0x0000024fbe6fc800,
0x0000024fbe6f6800, 0x0000024fbe6f7800, 0x0000024fbe701000, 0x0000024fbe6fe800,
0x0000024fbe700800, 0x0000024fbe702000, 0x0000024fbe703000, 0x0000024fbe6fd000,
0x0000024fbe703800, 0x0000024fbe6fe000, 0x0000024fbe704800, 0x0000024fbe6ff800,
0x0000024fbc932800, 0x0000024fbc933000, 0x0000024fbc934000, 0x0000024fbc931800,
0x0000024fbc92e800, 0x0000024fbc930800, 0x0000024fbc935000, 0x0000024fbc92f000,
0x0000024fbc935800, 0x0000024fbc930000, 0x0000024fbc93a800, 0x0000024fbc936800,
0x0000024fbc938000, 0x0000024fbc939000, 0x0000024fbc937800, 0x0000024fbc939800,
0x0000024fbc93b800, 0x0000024fbc93c000, 0x0000024fbc93d000, 0x0000024fbe6e1800,
0x0000024fbe6e5000, 0x0000024fbe6df000, 0x0000024fbe6e0000, 0x0000024fbe6e4000,
0x0000024fbe6e6800, 0x0000024fbe6e5800, 0x0000024fbe6e1000, 0x0000024fbe6e7800,
0x0000024fbe6e8000, 0x0000024fbe6e2800, 0x0000024fbe6e9000, 0x0000024fbe6e3800,
0x0000024fbe6ea000, 0x0000024fbe6ed000, 0x0000024fbe6ea800, 0x0000024fbe6ec800,
0x0000024fbe6ee000, 0x0000024fc0f50800
}

Java Threads: ( => current thread )
  0x0000024fa04a8000 JavaThread "main" [_thread_blocked, id=19928, stack(0x00000079fc200000,0x00000079fc300000)]
  0x0000024fbb190800 JavaThread "Reference Handler" daemon [_thread_blocked, id=10340, stack(0x00000079fc900000,0x00000079fca00000)]
  0x0000024fbb191800 JavaThread "Finalizer" daemon [_thread_blocked, id=20160, stack(0x00000079fca00000,0x00000079fcb00000)]
  0x0000024fbb20e000 JavaThread "Signal Dispatcher" daemon [_thread_blocked, id=21412, stack(0x00000079fcb00000,0x00000079fcc00000)]
  0x0000024fbb212000 JavaThread "Attach Listener" daemon [_thread_blocked, id=1388, stack(0x00000079fcc00000,0x00000079fcd00000)]
  0x0000024fbb213000 JavaThread "Service Thread" daemon [_thread_blocked, id=22212, stack(0x00000079fcd00000,0x00000079fce00000)]
=>0x0000024fbb214000 JavaThread "C2 CompilerThread0" daemon [_thread_in_native, id=8116, stack(0x00000079fce00000,0x00000079fcf00000)]
  0x0000024fbb218800 JavaThread "C1 CompilerThread0" daemon [_thread_blocked, id=6936, stack(0x00000079fcf00000,0x00000079fd000000)]
  0x0000024fbb21b000 JavaThread "Sweeper thread" daemon [_thread_blocked, id=1532, stack(0x00000079fd000000,0x00000079fd100000)]
  0x0000024fbb397800 JavaThread "Common-Cleaner" daemon [_thread_blocked, id=11420, stack(0x00000079fd100000,0x00000079fd200000)]
  0x0000024fbda9c800 JavaThread "Daemon health stats" [_thread_blocked, id=2140, stack(0x00000079fd500000,0x00000079fd600000)]
  0x0000024fbdb26000 JavaThread "Incoming local TCP Connector on port 2765" [_thread_in_native, id=18068, stack(0x00000079fd400000,0x00000079fd500000)]
  0x0000024fbc28e000 JavaThread "Daemon periodic checks" [_thread_blocked, id=8164, stack(0x00000079fd600000,0x00000079fd700000)]
  0x0000024fbc8b1000 JavaThread "Daemon" [_thread_blocked, id=22184, stack(0x00000079fd700000,0x00000079fd800000)]
  0x0000024fbd255800 JavaThread "Handler for socket connection from /127.0.0.1:2765 to /127.0.0.1:2766" [_thread_in_native, id=6988, stack(0x00000079fd800000,0x00000079fd900000)]
  0x0000024fbcb02800 JavaThread "Cancel handler" [_thread_blocked, id=12424, stack(0x00000079fd900000,0x00000079fda00000)]
  0x0000024fbd689000 JavaThread "Daemon worker" [_thread_in_native, id=11636, stack(0x00000079fda00000,0x00000079fdb00000)]
  0x0000024fbc131800 JavaThread "Asynchronous log dispatcher for DefaultDaemonConnection: socket connection from /127.0.0.1:2765 to /127.0.0.1:2766" [_thread_blocked, id=20180, stack(0x00000079fdb00000,0x00000079fdc00000)]
  0x0000024fbd86f000 JavaThread "Stdin handler" [_thread_blocked, id=4440, stack(0x00000079fdc00000,0x00000079fdd00000)]
  0x0000024fbdb47800 JavaThread "Daemon client event forwarder" [_thread_blocked, id=8248, stack(0x00000079fdd00000,0x00000079fde00000)]
  0x0000024fbd547000 JavaThread "Cache worker for journal cache (C:\Users\Robert\.gradle\caches\journal-1)" [_thread_blocked, id=19080, stack(0x00000079fe500000,0x00000079fe600000)]
  0x0000024fbd538000 JavaThread "File lock request listener" [_thread_in_native, id=12564, stack(0x00000079fe600000,0x00000079fe700000)]
  0x0000024fbd9b6800 JavaThread "Cache worker for file hash cache (C:\Users\Robert\.gradle\caches\7.4\fileHashes)" [_thread_blocked, id=16328, stack(0x00000079fe700000,0x00000079fe800000)]
  0x0000024fbd9b5000 JavaThread "File watcher server" daemon [_thread_in_native, id=9868, stack(0x00000079fe900000,0x00000079fea00000)]
  0x0000024fbd9b7800 JavaThread "File watcher consumer" daemon [_thread_blocked, id=16004, stack(0x00000079fea00000,0x00000079feb00000)]
  0x0000024fbd9b8800 JavaThread "Cache worker for checksums cache (E:\software\androidstock\ElabelControlZeoying\.gradle\7.4\checksums)" [_thread_blocked, id=2156, stack(0x00000079feb00000,0x00000079fec00000)]
  0x0000024fbd9bb800 JavaThread "Cache worker for cache directory md-rule (C:\Users\Robert\.gradle\caches\7.4\md-rule)" [_thread_blocked, id=22864, stack(0x00000079fec00000,0x00000079fed00000)]
  0x0000024fbd9b6000 JavaThread "Cache worker for file hash cache (E:\software\androidstock\ElabelControlZeoying\.gradle\7.4\fileHashes)" [_thread_blocked, id=8112, stack(0x00000079fee00000,0x00000079fef00000)]
  0x0000024fbd9b9000 JavaThread "Cache worker for cache directory md-supplier (C:\Users\Robert\.gradle\caches\7.4\md-supplier)" [_thread_blocked, id=12076, stack(0x00000079fef00000,0x00000079ff000000)]
  0x0000024fbd9ba000 JavaThread "Cache worker for execution history cache (C:\Users\Robert\.gradle\caches\7.4\executionHistory)" [_thread_blocked, id=1928, stack(0x00000079ff000000,0x00000079ff100000)]
  0x0000024fbd9ba800 JavaThread "jar transforms" [_thread_blocked, id=6232, stack(0x00000079ff100000,0x00000079ff200000)]
  0x0000024fbda5f800 JavaThread "jar transforms Thread 2" [_thread_blocked, id=13996, stack(0x00000079ff200000,0x00000079ff300000)]
  0x0000024fbda5a800 JavaThread "Cache worker for file content cache (C:\Users\Robert\.gradle\caches\7.4\fileContent)" [_thread_blocked, id=8024, stack(0x00000079ff400000,0x00000079ff500000)]
  0x0000024fbda5b000 JavaThread "jar transforms Thread 3" [_thread_blocked, id=3180, stack(0x00000079ff500000,0x00000079ff600000)]
  0x0000024fbda61800 JavaThread "jar transforms Thread 4" [_thread_blocked, id=14148, stack(0x00000079ff600000,0x00000079ff700000)]
  0x0000024fbda62800 JavaThread "Cache worker for dependencies-accessors (E:\software\androidstock\ElabelControlZeoying\.gradle\7.4\dependencies-accessors)" [_thread_blocked, id=7084, stack(0x00000079ff700000,0x00000079ff800000)]
  0x0000024fbda5d800 JavaThread "jar transforms Thread 5" [_thread_blocked, id=9304, stack(0x00000079ff800000,0x00000079ff900000)]
  0x0000024fbda5d000 JavaThread "Cache worker for Build Output Cleanup Cache (E:\software\androidstock\ElabelControlZeoying\.gradle\buildOutputCleanup)" [_thread_blocked, id=736, stack(0x00000079ff300000,0x00000079ff400000)]
  0x0000024fbda69000 JavaThread "Unconstrained build operations" [_thread_blocked, id=14172, stack(0x00000079fed00000,0x00000079fee00000)]
  0x0000024fbda63800 JavaThread "Unconstrained build operations Thread 2" [_thread_blocked, id=11992, stack(0x00000079ff900000,0x00000079ffa00000)]
  0x0000024fbda68800 JavaThread "Unconstrained build operations Thread 3" [_thread_blocked, id=8852, stack(0x00000079ffa00000,0x00000079ffb00000)]
  0x0000024fbda64000 JavaThread "Unconstrained build operations Thread 4" [_thread_blocked, id=16752, stack(0x00000079ffb00000,0x00000079ffc00000)]
  0x0000024fbda65000 JavaThread "Unconstrained build operations Thread 5" [_thread_blocked, id=19960, stack(0x00000079ffc00000,0x00000079ffd00000)]
  0x0000024fbda67800 JavaThread "Unconstrained build operations Thread 6" [_thread_blocked, id=19360, stack(0x00000079ffd00000,0x00000079ffe00000)]
  0x0000024fbda66000 JavaThread "Unconstrained build operations Thread 7" [_thread_blocked, id=16348, stack(0x00000079ffe00000,0x00000079fff00000)]
  0x0000024fbda66800 JavaThread "Unconstrained build operations Thread 8" [_thread_blocked, id=18320, stack(0x00000079fff00000,0x0000007a00000000)]
  0x0000024fbe842000 JavaThread "Unconstrained build operations Thread 9" [_thread_blocked, id=13400, stack(0x0000007980000000,0x0000007980100000)]
  0x0000024fbe83e000 JavaThread "Unconstrained build operations Thread 10" [_thread_blocked, id=7020, stack(0x0000007980100000,0x0000007980200000)]
  0x0000024fbe843000 JavaThread "Unconstrained build operations Thread 11" [_thread_blocked, id=1772, stack(0x0000007980200000,0x0000007980300000)]
  0x0000024fbe83f000 JavaThread "Unconstrained build operations Thread 12" [_thread_blocked, id=21056, stack(0x0000007980300000,0x0000007980400000)]
  0x0000024fbe845800 JavaThread "Unconstrained build operations Thread 13" [_thread_blocked, id=2836, stack(0x0000007980400000,0x0000007980500000)]
  0x0000024fbe840800 JavaThread "Unconstrained build operations Thread 14" [_thread_blocked, id=21820, stack(0x0000007980500000,0x0000007980600000)]
  0x0000024fbe844000 JavaThread "Unconstrained build operations Thread 15" [_thread_blocked, id=5104, stack(0x0000007980600000,0x0000007980700000)]
  0x0000024fbe844800 JavaThread "Unconstrained build operations Thread 16" [_thread_blocked, id=21452, stack(0x0000007980700000,0x0000007980800000)]
  0x0000024fbe841800 JavaThread "Unconstrained build operations Thread 17" [_thread_blocked, id=6288, stack(0x0000007980800000,0x0000007980900000)]
  0x0000024fbe840000 JavaThread "Unconstrained build operations Thread 18" [_thread_blocked, id=18476, stack(0x0000007980900000,0x0000007980a00000)]
  0x0000024fbe848000 JavaThread "Unconstrained build operations Thread 19" [_thread_blocked, id=21724, stack(0x0000007980a00000,0x0000007980b00000)]
  0x0000024fbe849800 JavaThread "Unconstrained build operations Thread 20" [_thread_blocked, id=21344, stack(0x0000007980b00000,0x0000007980c00000)]
  0x0000024fbe849000 JavaThread "Unconstrained build operations Thread 21" [_thread_blocked, id=17232, stack(0x0000007980d00000,0x0000007980e00000)]
  0x0000024fbe846800 JavaThread "Unconstrained build operations Thread 22" [_thread_blocked, id=22956, stack(0x0000007980e00000,0x0000007980f00000)]
  0x0000024fbe84b000 JavaThread "Unconstrained build operations Thread 23" [_thread_blocked, id=21376, stack(0x0000007980f00000,0x0000007981000000)]
  0x0000024fbe84a800 JavaThread "Unconstrained build operations Thread 24" [_thread_blocked, id=7784, stack(0x0000007981000000,0x0000007981100000)]
  0x0000024fbe84c000 JavaThread "Unconstrained build operations Thread 25" [_thread_blocked, id=21756, stack(0x0000007981100000,0x0000007981200000)]
  0x0000024fbe84d000 JavaThread "Unconstrained build operations Thread 26" [_thread_blocked, id=19612, stack(0x0000007981200000,0x0000007981300000)]
  0x0000024fbe847000 JavaThread "Unconstrained build operations Thread 27" [_thread_blocked, id=4172, stack(0x0000007981300000,0x0000007981400000)]
  0x0000024fbe6f8000 JavaThread "Unconstrained build operations Thread 28" [_thread_blocked, id=5996, stack(0x0000007981400000,0x0000007981500000)]
  0x0000024fbe6fb800 JavaThread "Unconstrained build operations Thread 29" [_thread_blocked, id=23216, stack(0x0000007981500000,0x0000007981600000)]
  0x0000024fbe6f9000 JavaThread "Unconstrained build operations Thread 30" [_thread_blocked, id=13136, stack(0x0000007981600000,0x0000007981700000)]
  0x0000024fbe6fa000 JavaThread "Unconstrained build operations Thread 31" [_thread_blocked, id=6392, stack(0x0000007981700000,0x0000007981800000)]
  0x0000024fbe6fa800 JavaThread "Unconstrained build operations Thread 32" [_thread_blocked, id=21340, stack(0x0000007981800000,0x0000007981900000)]
  0x0000024fbe6f6000 JavaThread "Unconstrained build operations Thread 33" [_thread_blocked, id=4948, stack(0x0000007981900000,0x0000007981a00000)]
  0x0000024fbe6fc800 JavaThread "Unconstrained build operations Thread 34" [_thread_blocked, id=23056, stack(0x0000007981a00000,0x0000007981b00000)]
  0x0000024fbe6f6800 JavaThread "Unconstrained build operations Thread 35" [_thread_blocked, id=16076, stack(0x0000007981b00000,0x0000007981c00000)]
  0x0000024fbe6f7800 JavaThread "Unconstrained build operations Thread 36" [_thread_blocked, id=6924, stack(0x0000007981c00000,0x0000007981d00000)]
  0x0000024fbe701000 JavaThread "Unconstrained build operations Thread 37" [_thread_blocked, id=14112, stack(0x0000007981d00000,0x0000007981e00000)]
  0x0000024fbe6fe800 JavaThread "Unconstrained build operations Thread 38" [_thread_blocked, id=6564, stack(0x0000007981e00000,0x0000007981f00000)]
  0x0000024fbe700800 JavaThread "Unconstrained build operations Thread 39" [_thread_blocked, id=17008, stack(0x0000007981f00000,0x0000007982000000)]
  0x0000024fbe702000 JavaThread "Unconstrained build operations Thread 40" [_thread_blocked, id=16988, stack(0x0000007982000000,0x0000007982100000)]
  0x0000024fbe703000 JavaThread "Unconstrained build operations Thread 41" [_thread_blocked, id=15908, stack(0x0000007982100000,0x0000007982200000)]
  0x0000024fbe6fd000 JavaThread "Unconstrained build operations Thread 42" [_thread_blocked, id=15708, stack(0x0000007982200000,0x0000007982300000)]
  0x0000024fbe703800 JavaThread "Unconstrained build operations Thread 43" [_thread_blocked, id=21120, stack(0x0000007982300000,0x0000007982400000)]
  0x0000024fbe6fe000 JavaThread "Unconstrained build operations Thread 44" [_thread_blocked, id=5484, stack(0x0000007982400000,0x0000007982500000)]
  0x0000024fbe704800 JavaThread "Unconstrained build operations Thread 45" [_thread_blocked, id=14180, stack(0x0000007982500000,0x0000007982600000)]
  0x0000024fbe6ff800 JavaThread "Unconstrained build operations Thread 46" [_thread_blocked, id=11908, stack(0x0000007982600000,0x0000007982700000)]
  0x0000024fbc932800 JavaThread "Unconstrained build operations Thread 47" [_thread_blocked, id=21916, stack(0x0000007982700000,0x0000007982800000)]
  0x0000024fbc933000 JavaThread "Unconstrained build operations Thread 48" [_thread_blocked, id=2888, stack(0x0000007982800000,0x0000007982900000)]
  0x0000024fbc934000 JavaThread "Unconstrained build operations Thread 49" [_thread_blocked, id=15744, stack(0x0000007982900000,0x0000007982a00000)]
  0x0000024fbc931800 JavaThread "Unconstrained build operations Thread 50" [_thread_blocked, id=20468, stack(0x0000007982a00000,0x0000007982b00000)]
  0x0000024fbc92e800 JavaThread "Unconstrained build operations Thread 51" [_thread_blocked, id=6064, stack(0x0000007982b00000,0x0000007982c00000)]
  0x0000024fbc930800 JavaThread "Unconstrained build operations Thread 52" [_thread_blocked, id=7308, stack(0x0000007982c00000,0x0000007982d00000)]
  0x0000024fbc935000 JavaThread "Unconstrained build operations Thread 53" [_thread_blocked, id=8040, stack(0x0000007982d00000,0x0000007982e00000)]
  0x0000024fbc92f000 JavaThread "Unconstrained build operations Thread 54" [_thread_blocked, id=3948, stack(0x0000007982e00000,0x0000007982f00000)]
  0x0000024fbc935800 JavaThread "Unconstrained build operations Thread 55" [_thread_blocked, id=14740, stack(0x0000007982f00000,0x0000007983000000)]
  0x0000024fbc930000 JavaThread "Unconstrained build operations Thread 56" [_thread_blocked, id=6060, stack(0x0000007983000000,0x0000007983100000)]
  0x0000024fbc93a800 JavaThread "Unconstrained build operations Thread 57" [_thread_blocked, id=5252, stack(0x0000007983100000,0x0000007983200000)]
  0x0000024fbc936800 JavaThread "Unconstrained build operations Thread 58" [_thread_blocked, id=7196, stack(0x0000007983200000,0x0000007983300000)]
  0x0000024fbc938000 JavaThread "Unconstrained build operations Thread 59" [_thread_blocked, id=8264, stack(0x0000007983300000,0x0000007983400000)]
  0x0000024fbc939000 JavaThread "Unconstrained build operations Thread 60" [_thread_blocked, id=5636, stack(0x0000007983400000,0x0000007983500000)]
  0x0000024fbc937800 JavaThread "Unconstrained build operations Thread 61" [_thread_blocked, id=4348, stack(0x0000007983500000,0x0000007983600000)]
  0x0000024fbc939800 JavaThread "Unconstrained build operations Thread 62" [_thread_blocked, id=7436, stack(0x0000007983600000,0x0000007983700000)]
  0x0000024fbc93b800 JavaThread "Unconstrained build operations Thread 63" [_thread_blocked, id=21368, stack(0x0000007983700000,0x0000007983800000)]
  0x0000024fbc93c000 JavaThread "Unconstrained build operations Thread 64" [_thread_blocked, id=13220, stack(0x0000007983800000,0x0000007983900000)]
  0x0000024fbc93d000 JavaThread "Unconstrained build operations Thread 65" [_thread_blocked, id=11300, stack(0x0000007983900000,0x0000007983a00000)]
  0x0000024fbe6e1800 JavaThread "Unconstrained build operations Thread 66" [_thread_blocked, id=15736, stack(0x0000007983a00000,0x0000007983b00000)]
  0x0000024fbe6e5000 JavaThread "Unconstrained build operations Thread 67" [_thread_blocked, id=2528, stack(0x0000007983b00000,0x0000007983c00000)]
  0x0000024fbe6df000 JavaThread "Unconstrained build operations Thread 68" [_thread_blocked, id=23116, stack(0x0000007983c00000,0x0000007983d00000)]
  0x0000024fbe6e0000 JavaThread "Unconstrained build operations Thread 69" [_thread_blocked, id=12940, stack(0x0000007983d00000,0x0000007983e00000)]
  0x0000024fbe6e4000 JavaThread "Unconstrained build operations Thread 70" [_thread_blocked, id=20116, stack(0x0000007983e00000,0x0000007983f00000)]
  0x0000024fbe6e6800 JavaThread "Unconstrained build operations Thread 71" [_thread_blocked, id=12536, stack(0x0000007983f00000,0x0000007984000000)]
  0x0000024fbe6e5800 JavaThread "Unconstrained build operations Thread 72" [_thread_blocked, id=5288, stack(0x0000007984000000,0x0000007984100000)]
  0x0000024fbe6e1000 JavaThread "Unconstrained build operations Thread 73" [_thread_blocked, id=4748, stack(0x0000007984100000,0x0000007984200000)]
  0x0000024fbe6e7800 JavaThread "Unconstrained build operations Thread 74" [_thread_blocked, id=19552, stack(0x0000007984200000,0x0000007984300000)]
  0x0000024fbe6e8000 JavaThread "Unconstrained build operations Thread 75" [_thread_blocked, id=20792, stack(0x0000007984300000,0x0000007984400000)]
  0x0000024fbe6e2800 JavaThread "Unconstrained build operations Thread 76" [_thread_blocked, id=23440, stack(0x0000007984400000,0x0000007984500000)]
  0x0000024fbe6e9000 JavaThread "Unconstrained build operations Thread 77" [_thread_blocked, id=16984, stack(0x0000007984500000,0x0000007984600000)]
  0x0000024fbe6e3800 JavaThread "Unconstrained build operations Thread 78" [_thread_blocked, id=5848, stack(0x0000007984600000,0x0000007984700000)]
  0x0000024fbe6ea000 JavaThread "Unconstrained build operations Thread 79" [_thread_blocked, id=23084, stack(0x0000007984700000,0x0000007984800000)]
  0x0000024fbe6ed000 JavaThread "Unconstrained build operations Thread 80" [_thread_blocked, id=3648, stack(0x0000007984800000,0x0000007984900000)]
  0x0000024fbe6ea800 JavaThread "jar transforms Thread 6" [_thread_blocked, id=14488, stack(0x0000007984900000,0x0000007984a00000)]
  0x0000024fbe6ec800 JavaThread "jar transforms Thread 7" [_thread_blocked, id=9544, stack(0x0000007984a00000,0x0000007984b00000)]
  0x0000024fbe6ee000 JavaThread "jar transforms Thread 8" [_thread_blocked, id=13708, stack(0x0000007984b00000,0x0000007984c00000)]
  0x0000024fc0f50800 JavaThread "C2 CompilerThread1" daemon [_thread_in_native, id=9824, stack(0x0000007980c00000,0x0000007980d00000)]

Other Threads:
  0x0000024fba98b000 VMThread "VM Thread" [stack: 0x00000079fc800000,0x00000079fc900000] [id=9272]
  0x0000024fbb3ad000 WatcherThread [stack: 0x00000079fd200000,0x00000079fd300000] [id=20620]
  0x0000024fa04be000 GCTaskThread "GC Thread#0" [stack: 0x00000079fc300000,0x00000079fc400000] [id=21840]
  0x0000024fbc133000 GCTaskThread "GC Thread#1" [stack: 0x00000079fd300000,0x00000079fd400000] [id=12276]
  0x0000024fbc1bd000 GCTaskThread "GC Thread#2" [stack: 0x00000079fdf00000,0x00000079fe000000] [id=18764]
  0x0000024fbd38d800 GCTaskThread "GC Thread#3" [stack: 0x00000079fe000000,0x00000079fe100000] [id=10776]
  0x0000024fbbfd8000 GCTaskThread "GC Thread#4" [stack: 0x00000079fe100000,0x00000079fe200000] [id=7228]
  0x0000024fbbfd9800 GCTaskThread "GC Thread#5" [stack: 0x00000079fe200000,0x00000079fe300000] [id=22436]
  0x0000024fbd30e000 GCTaskThread "GC Thread#6" [stack: 0x00000079fe300000,0x00000079fe400000] [id=22924]
  0x0000024fbd30f000 GCTaskThread "GC Thread#7" [stack: 0x00000079fe400000,0x00000079fe500000] [id=11160]
  0x0000024fa04f0800 ConcurrentGCThread "G1 Main Marker" [stack: 0x00000079fc400000,0x00000079fc500000] [id=4844]
  0x0000024fa04f2000 ConcurrentGCThread "G1 Conc#0" [stack: 0x00000079fc500000,0x00000079fc600000] [id=18036]
  0x0000024fbd637800 ConcurrentGCThread "G1 Conc#1" [stack: 0x00000079fe800000,0x00000079fe900000] [id=10684]
  0x0000024fba7da800 ConcurrentGCThread "G1 Refine#0" [stack: 0x00000079fc600000,0x00000079fc700000] [id=16344]
  0x0000024fba7db800 ConcurrentGCThread "G1 Young RemSet Sampling" [stack: 0x00000079fc700000,0x00000079fc800000] [id=18804]

Threads with active compile tasks:
C2 CompilerThread0    52541 5350       4       org.objectweb.asm.Frame::execute (2318 bytes)
C1 CompilerThread0    52541 5395       3       sun.util.locale.LanguageTag::parseExtensions (208 bytes)
C2 CompilerThread1    52541 5365       4       java.net.URLClassLoader$1::run (5 bytes)

VM state:not at safepoint (normal execution)

VM Mutex/Monitor currently owned by a thread:  ([mutex/lock_event])
[0x0000024fa04a3fb0] Compile_lock - owner thread: 0x0000024fbb218800
[0x0000024fa04a52d0] MethodCompileQueue_lock - owner thread: 0x0000024fbb218800

Heap address: 0x0000000080000000, size: 2048 MB, Compressed Oops mode: 32-bit
Narrow klass base: 0x0000000000000000, Narrow klass shift: 3
Compressed class space size: 1073741824 Address: 0x0000000100000000

Heap:
 garbage-first heap   total 126976K, used 56313K [0x0000000080000000, 0x0000000100000000)
  region size 1024K, 22 young (22528K), 8 survivors (8192K)
 Metaspace       used 52378K, capacity 53681K, committed 54012K, reserved 1095680K
  class space    used 6632K, capacity 7150K, committed 7244K, reserved 1048576K
Heap Regions: E=young(eden), S=young(survivor), O=old, HS=humongous(starts), HC=humongous(continues), CS=collection set, F=free, A=archive, TAMS=top-at-mark-start (previous, next)
|   0|0x0000000080000000, 0x0000000080100000, 0x0000000080100000|100%| O|  |TAMS 0x0000000080100000, 0x0000000080000000| Untracked 
|   1|0x0000000080100000, 0x0000000080200000, 0x0000000080200000|100%| O|  |TAMS 0x0000000080200000, 0x0000000080100000| Untracked 
|   2|0x0000000080200000, 0x0000000080300000, 0x0000000080300000|100%| O|  |TAMS 0x0000000080300000, 0x0000000080200000| Untracked 
|   3|0x0000000080300000, 0x0000000080400000, 0x0000000080400000|100%|HS|  |TAMS 0x0000000080400000, 0x0000000080300000| Complete 
|   4|0x0000000080400000, 0x0000000080500000, 0x0000000080500000|100%|HC|  |TAMS 0x0000000080500000, 0x0000000080400000| Complete 
|   5|0x0000000080500000, 0x0000000080600000, 0x0000000080600000|100%|HC|  |TAMS 0x0000000080600000, 0x0000000080500000| Complete 
|   6|0x0000000080600000, 0x0000000080700000, 0x0000000080700000|100%| O|  |TAMS 0x0000000080700000, 0x0000000080600000| Untracked 
|   7|0x0000000080700000, 0x0000000080800000, 0x0000000080800000|100%| O|  |TAMS 0x0000000080800000, 0x0000000080700000| Untracked 
|   8|0x0000000080800000, 0x0000000080900000, 0x0000000080900000|100%| O|  |TAMS 0x0000000080900000, 0x0000000080800000| Untracked 
|   9|0x0000000080900000, 0x0000000080a00000, 0x0000000080a00000|100%| O|  |TAMS 0x0000000080a00000, 0x0000000080900000| Untracked 
|  10|0x0000000080a00000, 0x0000000080b00000, 0x0000000080b00000|100%| O|  |TAMS 0x0000000080b00000, 0x0000000080a00000| Untracked 
|  11|0x0000000080b00000, 0x0000000080c00000, 0x0000000080c00000|100%| O|  |TAMS 0x0000000080c00000, 0x0000000080b00000| Untracked 
|  12|0x0000000080c00000, 0x0000000080d00000, 0x0000000080d00000|100%| O|  |TAMS 0x0000000080d00000, 0x0000000080c00000| Untracked 
|  13|0x0000000080d00000, 0x0000000080e00000, 0x0000000080e00000|100%| O|  |TAMS 0x0000000080e00000, 0x0000000080d00000| Untracked 
|  14|0x0000000080e00000, 0x0000000080f00000, 0x0000000080f00000|100%| O|  |TAMS 0x0000000080f00000, 0x0000000080e00000| Untracked 
|  15|0x0000000080f00000, 0x0000000081000000, 0x0000000081000000|100%| O|  |TAMS 0x0000000081000000, 0x0000000080f00000| Untracked 
|  16|0x0000000081000000, 0x0000000081100000, 0x0000000081100000|100%|HS|  |TAMS 0x0000000081000000, 0x0000000081000000| Complete 
|  17|0x0000000081100000, 0x0000000081200000, 0x0000000081200000|100%| O|  |TAMS 0x0000000081200000, 0x0000000081100000| Untracked 
|  18|0x0000000081200000, 0x0000000081300000, 0x0000000081300000|100%| O|  |TAMS 0x0000000081300000, 0x0000000081200000| Untracked 
|  19|0x0000000081300000, 0x0000000081400000, 0x0000000081400000|100%| O|  |TAMS 0x0000000081400000, 0x0000000081300000| Untracked 
|  20|0x0000000081400000, 0x0000000081500000, 0x0000000081500000|100%| O|  |TAMS 0x0000000081500000, 0x0000000081400000| Untracked 
|  21|0x0000000081500000, 0x0000000081600000, 0x0000000081600000|100%| O|  |TAMS 0x0000000081600000, 0x0000000081500000| Untracked 
|  22|0x0000000081600000, 0x0000000081700000, 0x0000000081700000|100%| O|  |TAMS 0x0000000081700000, 0x0000000081600000| Untracked 
|  23|0x0000000081700000, 0x0000000081800000, 0x0000000081800000|100%| O|  |TAMS 0x0000000081800000, 0x0000000081700000| Untracked 
|  24|0x0000000081800000, 0x0000000081900000, 0x0000000081900000|100%| O|  |TAMS 0x0000000081900000, 0x0000000081800000| Untracked 
|  25|0x0000000081900000, 0x0000000081a00000, 0x0000000081a00000|100%| O|  |TAMS 0x0000000081a00000, 0x0000000081900000| Untracked 
|  26|0x0000000081a00000, 0x0000000081b00000, 0x0000000081b00000|100%| O|  |TAMS 0x0000000081aa6e00, 0x0000000081a00000| Untracked 
|  27|0x0000000081b00000, 0x0000000081c00000, 0x0000000081c00000|100%|HS|  |TAMS 0x0000000081b00000, 0x0000000081b00000| Complete 
|  28|0x0000000081c00000, 0x0000000081c00000, 0x0000000081d00000|  0%| F|  |TAMS 0x0000000081c00000, 0x0000000081c00000| Untracked 
|  29|0x0000000081d00000, 0x0000000081e00000, 0x0000000081e00000|100%|HS|  |TAMS 0x0000000081d00000, 0x0000000081d00000| Complete 
|  30|0x0000000081e00000, 0x0000000081f00000, 0x0000000081f00000|100%|HC|  |TAMS 0x0000000081e00000, 0x0000000081e00000| Complete 
|  31|0x0000000081f00000, 0x0000000082000000, 0x0000000082000000|100%| O|  |TAMS 0x0000000081f00000, 0x0000000081f00000| Untracked 
|  32|0x0000000082000000, 0x0000000082100000, 0x0000000082100000|100%| O|  |TAMS 0x0000000082000000, 0x0000000082000000| Untracked 
|  33|0x0000000082100000, 0x0000000082200000, 0x0000000082200000|100%| O|  |TAMS 0x0000000082100000, 0x0000000082100000| Untracked 
|  34|0x0000000082200000, 0x00000000822fe600, 0x0000000082300000| 99%| O|  |TAMS 0x0000000082200000, 0x0000000082200000| Untracked 
|  35|0x0000000082300000, 0x0000000082300000, 0x0000000082400000|  0%| F|  |TAMS 0x0000000082300000, 0x0000000082300000| Untracked 
|  36|0x0000000082400000, 0x0000000082400000, 0x0000000082500000|  0%| F|  |TAMS 0x0000000082400000, 0x0000000082400000| Untracked 
|  37|0x0000000082500000, 0x0000000082500000, 0x0000000082600000|  0%| F|  |TAMS 0x0000000082500000, 0x0000000082500000| Untracked 
|  38|0x0000000082600000, 0x0000000082600000, 0x0000000082700000|  0%| F|  |TAMS 0x0000000082600000, 0x0000000082600000| Untracked 
|  39|0x0000000082700000, 0x0000000082700000, 0x0000000082800000|  0%| F|  |TAMS 0x0000000082700000, 0x0000000082700000| Untracked 
|  40|0x0000000082800000, 0x0000000082800000, 0x0000000082900000|  0%| F|  |TAMS 0x0000000082800000, 0x0000000082800000| Untracked 
|  41|0x0000000082900000, 0x0000000082900000, 0x0000000082a00000|  0%| F|  |TAMS 0x0000000082900000, 0x0000000082900000| Untracked 
|  42|0x0000000082a00000, 0x0000000082a00000, 0x0000000082b00000|  0%| F|  |TAMS 0x0000000082a00000, 0x0000000082a00000| Untracked 
|  43|0x0000000082b00000, 0x0000000082b00000, 0x0000000082c00000|  0%| F|  |TAMS 0x0000000082b00000, 0x0000000082b00000| Untracked 
|  44|0x0000000082c00000, 0x0000000082c00000, 0x0000000082d00000|  0%| F|  |TAMS 0x0000000082c00000, 0x0000000082c00000| Untracked 
|  45|0x0000000082d00000, 0x0000000082d00000, 0x0000000082e00000|  0%| F|  |TAMS 0x0000000082d00000, 0x0000000082d00000| Untracked 
|  46|0x0000000082e00000, 0x0000000082e00000, 0x0000000082f00000|  0%| F|  |TAMS 0x0000000082e00000, 0x0000000082e00000| Untracked 
|  47|0x0000000082f00000, 0x0000000082f00000, 0x0000000083000000|  0%| F|  |TAMS 0x0000000082f00000, 0x0000000082f00000| Untracked 
|  48|0x0000000083000000, 0x0000000083000000, 0x0000000083100000|  0%| F|  |TAMS 0x0000000083000000, 0x0000000083000000| Untracked 
|  49|0x0000000083100000, 0x0000000083100000, 0x0000000083200000|  0%| F|  |TAMS 0x0000000083100000, 0x0000000083100000| Untracked 
|  50|0x0000000083200000, 0x0000000083200000, 0x0000000083300000|  0%| F|  |TAMS 0x0000000083200000, 0x0000000083200000| Untracked 
|  51|0x0000000083300000, 0x0000000083300000, 0x0000000083400000|  0%| F|  |TAMS 0x0000000083300000, 0x0000000083300000| Untracked 
|  52|0x0000000083400000, 0x0000000083400000, 0x0000000083500000|  0%| F|  |TAMS 0x0000000083400000, 0x0000000083400000| Untracked 
|  53|0x0000000083500000, 0x0000000083500000, 0x0000000083600000|  0%| F|  |TAMS 0x0000000083500000, 0x0000000083500000| Untracked 
|  54|0x0000000083600000, 0x0000000083700000, 0x0000000083700000|100%| S|CS|TAMS 0x0000000083600000, 0x0000000083600000| Complete 
|  55|0x0000000083700000, 0x0000000083800000, 0x0000000083800000|100%| S|CS|TAMS 0x0000000083700000, 0x0000000083700000| Complete 
|  56|0x0000000083800000, 0x0000000083900000, 0x0000000083900000|100%| S|CS|TAMS 0x0000000083800000, 0x0000000083800000| Complete 
|  57|0x0000000083900000, 0x0000000083a00000, 0x0000000083a00000|100%| S|CS|TAMS 0x0000000083900000, 0x0000000083900000| Complete 
|  58|0x0000000083a00000, 0x0000000083b00000, 0x0000000083b00000|100%| S|CS|TAMS 0x0000000083a00000, 0x0000000083a00000| Complete 
|  59|0x0000000083b00000, 0x0000000083c00000, 0x0000000083c00000|100%| S|CS|TAMS 0x0000000083b00000, 0x0000000083b00000| Complete 
|  60|0x0000000083c00000, 0x0000000083c00000, 0x0000000083d00000|  0%| F|  |TAMS 0x0000000083c00000, 0x0000000083c00000| Untracked 
|  61|0x0000000083d00000, 0x0000000083d00000, 0x0000000083e00000|  0%| F|  |TAMS 0x0000000083d00000, 0x0000000083d00000| Untracked 
|  62|0x0000000083e00000, 0x0000000083e00000, 0x0000000083f00000|  0%| F|  |TAMS 0x0000000083e00000, 0x0000000083e00000| Untracked 
|  63|0x0000000083f00000, 0x0000000083f00000, 0x0000000084000000|  0%| F|  |TAMS 0x0000000083f00000, 0x0000000083f00000| Untracked 
|  64|0x0000000084000000, 0x0000000084000000, 0x0000000084100000|  0%| F|  |TAMS 0x0000000084000000, 0x0000000084000000| Untracked 
|  65|0x0000000084100000, 0x0000000084200000, 0x0000000084200000|100%| S|CS|TAMS 0x0000000084100000, 0x0000000084100000| Complete 
|  66|0x0000000084200000, 0x0000000084300000, 0x0000000084300000|100%| S|CS|TAMS 0x0000000084200000, 0x0000000084200000| Complete 
|  67|0x0000000084300000, 0x0000000084300000, 0x0000000084400000|  0%| F|  |TAMS 0x0000000084300000, 0x0000000084300000| Untracked 
|  68|0x0000000084400000, 0x0000000084400000, 0x0000000084500000|  0%| F|  |TAMS 0x0000000084400000, 0x0000000084400000| Untracked 
|  69|0x0000000084500000, 0x0000000084500000, 0x0000000084600000|  0%| F|  |TAMS 0x0000000084500000, 0x0000000084500000| Untracked 
|  70|0x0000000084600000, 0x0000000084600000, 0x0000000084700000|  0%| F|  |TAMS 0x0000000084600000, 0x0000000084600000| Untracked 
|  71|0x0000000084700000, 0x0000000084700000, 0x0000000084800000|  0%| F|  |TAMS 0x0000000084700000, 0x0000000084700000| Untracked 
|  72|0x0000000084800000, 0x0000000084800000, 0x0000000084900000|  0%| F|  |TAMS 0x0000000084800000, 0x0000000084800000| Untracked 
|  73|0x0000000084900000, 0x0000000084900000, 0x0000000084a00000|  0%| F|  |TAMS 0x0000000084900000, 0x0000000084900000| Untracked 
|  74|0x0000000084a00000, 0x0000000084a00000, 0x0000000084b00000|  0%| F|  |TAMS 0x0000000084a00000, 0x0000000084a00000| Untracked 
|  75|0x0000000084b00000, 0x0000000084b00000, 0x0000000084c00000|  0%| F|  |TAMS 0x0000000084b00000, 0x0000000084b00000| Untracked 
|  76|0x0000000084c00000, 0x0000000084c00000, 0x0000000084d00000|  0%| F|  |TAMS 0x0000000084c00000, 0x0000000084c00000| Untracked 
|  77|0x0000000084d00000, 0x0000000084d00000, 0x0000000084e00000|  0%| F|  |TAMS 0x0000000084d00000, 0x0000000084d00000| Untracked 
|  78|0x0000000084e00000, 0x0000000084e00000, 0x0000000084f00000|  0%| F|  |TAMS 0x0000000084e00000, 0x0000000084e00000| Untracked 
|  79|0x0000000084f00000, 0x0000000084f00000, 0x0000000085000000|  0%| F|  |TAMS 0x0000000084f00000, 0x0000000084f00000| Untracked 
|  80|0x0000000085000000, 0x0000000085000000, 0x0000000085100000|  0%| F|  |TAMS 0x0000000085000000, 0x0000000085000000| Untracked 
|  81|0x0000000085100000, 0x0000000085100000, 0x0000000085200000|  0%| F|  |TAMS 0x0000000085100000, 0x0000000085100000| Untracked 
|  82|0x0000000085200000, 0x0000000085200000, 0x0000000085300000|  0%| F|  |TAMS 0x0000000085200000, 0x0000000085200000| Untracked 
|  83|0x0000000085300000, 0x0000000085300000, 0x0000000085400000|  0%| F|  |TAMS 0x0000000085300000, 0x0000000085300000| Untracked 
|  84|0x0000000085400000, 0x0000000085400000, 0x0000000085500000|  0%| F|  |TAMS 0x0000000085400000, 0x0000000085400000| Untracked 
|  85|0x0000000085500000, 0x0000000085500000, 0x0000000085600000|  0%| F|  |TAMS 0x0000000085500000, 0x0000000085500000| Untracked 
|  86|0x0000000085600000, 0x0000000085600000, 0x0000000085700000|  0%| F|  |TAMS 0x0000000085600000, 0x0000000085600000| Untracked 
|  87|0x0000000085700000, 0x0000000085700000, 0x0000000085800000|  0%| F|  |TAMS 0x0000000085700000, 0x0000000085700000| Untracked 
|  88|0x0000000085800000, 0x0000000085800000, 0x0000000085900000|  0%| F|  |TAMS 0x0000000085800000, 0x0000000085800000| Untracked 
|  89|0x0000000085900000, 0x0000000085900000, 0x0000000085a00000|  0%| F|  |TAMS 0x0000000085900000, 0x0000000085900000| Untracked 
|  90|0x0000000085a00000, 0x0000000085a00000, 0x0000000085b00000|  0%| F|  |TAMS 0x0000000085a00000, 0x0000000085a00000| Untracked 
|  91|0x0000000085b00000, 0x0000000085b00000, 0x0000000085c00000|  0%| F|  |TAMS 0x0000000085b00000, 0x0000000085b00000| Untracked 
|  92|0x0000000085c00000, 0x0000000085c00000, 0x0000000085d00000|  0%| F|  |TAMS 0x0000000085c00000, 0x0000000085c00000| Untracked 
|  93|0x0000000085d00000, 0x0000000085d00000, 0x0000000085e00000|  0%| F|  |TAMS 0x0000000085d00000, 0x0000000085d00000| Untracked 
|  94|0x0000000085e00000, 0x0000000085e00000, 0x0000000085f00000|  0%| F|  |TAMS 0x0000000085e00000, 0x0000000085e00000| Untracked 
|  95|0x0000000085f00000, 0x0000000085f00000, 0x0000000086000000|  0%| F|  |TAMS 0x0000000085f00000, 0x0000000085f00000| Untracked 
|  96|0x0000000086000000, 0x0000000086000000, 0x0000000086100000|  0%| F|  |TAMS 0x0000000086000000, 0x0000000086000000| Untracked 
|  97|0x0000000086100000, 0x0000000086100000, 0x0000000086200000|  0%| F|  |TAMS 0x0000000086100000, 0x0000000086100000| Untracked 
|  98|0x0000000086200000, 0x0000000086200000, 0x0000000086300000|  0%| F|  |TAMS 0x0000000086200000, 0x0000000086200000| Untracked 
|  99|0x0000000086300000, 0x0000000086300000, 0x0000000086400000|  0%| F|  |TAMS 0x0000000086300000, 0x0000000086300000| Untracked 
| 100|0x0000000086400000, 0x0000000086400000, 0x0000000086500000|  0%| F|  |TAMS 0x0000000086400000, 0x0000000086400000| Untracked 
| 101|0x0000000086500000, 0x0000000086500000, 0x0000000086600000|  0%| F|  |TAMS 0x0000000086500000, 0x0000000086500000| Untracked 
| 102|0x0000000086600000, 0x0000000086600000, 0x0000000086700000|  0%| F|  |TAMS 0x0000000086600000, 0x0000000086600000| Untracked 
| 103|0x0000000086700000, 0x0000000086700000, 0x0000000086800000|  0%| F|  |TAMS 0x0000000086700000, 0x0000000086700000| Untracked 
| 104|0x0000000086800000, 0x0000000086800000, 0x0000000086900000|  0%| F|  |TAMS 0x0000000086800000, 0x0000000086800000| Untracked 
| 105|0x0000000086900000, 0x0000000086900000, 0x0000000086a00000|  0%| F|  |TAMS 0x0000000086900000, 0x0000000086900000| Untracked 
| 106|0x0000000086a00000, 0x0000000086a00000, 0x0000000086b00000|  0%| F|  |TAMS 0x0000000086a00000, 0x0000000086a00000| Untracked 
| 107|0x0000000086b00000, 0x0000000086b00000, 0x0000000086c00000|  0%| F|  |TAMS 0x0000000086b00000, 0x0000000086b00000| Untracked 
| 108|0x0000000086c00000, 0x0000000086c00000, 0x0000000086d00000|  0%| F|  |TAMS 0x0000000086c00000, 0x0000000086c00000| Untracked 
| 109|0x0000000086d00000, 0x0000000086d00000, 0x0000000086e00000|  0%| F|  |TAMS 0x0000000086d00000, 0x0000000086d00000| Untracked 
| 110|0x0000000086e00000, 0x0000000086e80800, 0x0000000086f00000| 50%| E|  |TAMS 0x0000000086e00000, 0x0000000086e00000| Complete 
| 111|0x0000000086f00000, 0x0000000087000000, 0x0000000087000000|100%| E|CS|TAMS 0x0000000086f00000, 0x0000000086f00000| Complete 
| 112|0x0000000087000000, 0x0000000087100000, 0x0000000087100000|100%| E|CS|TAMS 0x0000000087000000, 0x0000000087000000| Complete 
| 113|0x0000000087100000, 0x0000000087200000, 0x0000000087200000|100%| E|CS|TAMS 0x0000000087100000, 0x0000000087100000| Complete 
| 114|0x0000000087200000, 0x0000000087300000, 0x0000000087300000|100%| E|CS|TAMS 0x0000000087200000, 0x0000000087200000| Complete 
| 115|0x0000000087300000, 0x0000000087400000, 0x0000000087400000|100%| E|CS|TAMS 0x0000000087300000, 0x0000000087300000| Complete 
| 116|0x0000000087400000, 0x0000000087500000, 0x0000000087500000|100%| E|CS|TAMS 0x0000000087400000, 0x0000000087400000| Complete 
| 117|0x0000000087500000, 0x0000000087600000, 0x0000000087600000|100%| E|CS|TAMS 0x0000000087500000, 0x0000000087500000| Complete 
| 118|0x0000000087600000, 0x0000000087700000, 0x0000000087700000|100%| E|CS|TAMS 0x0000000087600000, 0x0000000087600000| Complete 
| 119|0x0000000087700000, 0x0000000087800000, 0x0000000087800000|100%| E|CS|TAMS 0x0000000087700000, 0x0000000087700000| Complete 
| 120|0x0000000087800000, 0x0000000087900000, 0x0000000087900000|100%| E|CS|TAMS 0x0000000087800000, 0x0000000087800000| Complete 
| 121|0x0000000087900000, 0x0000000087a00000, 0x0000000087a00000|100%| E|CS|TAMS 0x0000000087900000, 0x0000000087900000| Complete 
| 122|0x0000000087a00000, 0x0000000087b00000, 0x0000000087b00000|100%| E|CS|TAMS 0x0000000087a00000, 0x0000000087a00000| Complete 
| 123|0x0000000087b00000, 0x0000000087c00000, 0x0000000087c00000|100%| E|CS|TAMS 0x0000000087b00000, 0x0000000087b00000| Complete 

Card table byte_map: [0x0000024fb3700000,0x0000024fb3b00000] _byte_map_base: 0x0000024fb3300000

Marking Bits (Prev, Next): (CMBitMap*) 0x0000024fa04e5e98, (CMBitMap*) 0x0000024fa04e5ed0
 Prev Bits: [0x0000024fb3f00000, 0x0000024fb5f00000)
 Next Bits: [0x0000024fb5f00000, 0x0000024fb7f00000)

Polling page: 0x0000024f9e370000

Metaspace:

Usage:
  Non-class:     45.57 MB capacity,    44.75 MB ( 98%) used,   694.88 KB (  1%) free+waste,   138.00 KB ( <1%) overhead. 
      Class:      6.98 MB capacity,     6.49 MB ( 93%) used,   440.76 KB (  6%) free+waste,    65.44 KB ( <1%) overhead. 
       Both:     52.55 MB capacity,    51.24 MB ( 98%) used,     1.11 MB (  2%) free+waste,   203.44 KB ( <1%) overhead. 

Virtual space:
  Non-class space:       46.00 MB reserved,      45.67 MB (>99%) committed 
      Class space:        1.00 GB reserved,       7.07 MB ( <1%) committed 
             Both:        1.04 GB reserved,      52.75 MB (  5%) committed 

Chunk freelists:
   Non-Class:  45.00 KB
       Class:  18.00 KB
        Both:  63.00 KB

MaxMetaspaceSize: 17179869184.00 GB
CompressedClassSpaceSize: 1.00 GB
Initial GC threshold: 20.80 MB
Current GC threshold: 80.62 MB
CDS: off

CodeHeap 'non-profiled nmethods': size=120000Kb used=3180Kb max_used=3180Kb free=116820Kb
 bounds [0x0000024fabaa0000, 0x0000024fabdc0000, 0x0000024fb2fd0000]
CodeHeap 'profiled nmethods': size=120000Kb used=11209Kb max_used=11209Kb free=108790Kb
 bounds [0x0000024fa4570000, 0x0000024fa5070000, 0x0000024fabaa0000]
CodeHeap 'non-nmethods': size=5760Kb used=2312Kb max_used=2338Kb free=3447Kb
 bounds [0x0000024fa3fd0000, 0x0000024fa4240000, 0x0000024fa4570000]
 total_blobs=6205 nmethods=5401 adapters=716
 compilation: enabled
              stopped_count=0, restarted_count=0
 full_count=0

Compilation events (20 events):
Event: 52.458 Thread 0x0000024fbb218800 5373       3       kotlin.text.CharsKt__CharJVMKt::isWhitespace (20 bytes)
Event: 52.458 Thread 0x0000024fbb218800 nmethod 5373 0x0000024fa503f610 code [0x0000024fa503f820, 0x0000024fa503fdb8]
Event: 52.458 Thread 0x0000024fbb218800 5372       1       kotlin.ranges.IntProgressionIterator::hasNext (5 bytes)
Event: 52.458 Thread 0x0000024fbb218800 nmethod 5372 0x0000024fabdba710 code [0x0000024fabdba8c0, 0x0000024fabdba978]
Event: 52.462 Thread 0x0000024fbb218800 5374       3       java.lang.String::getBytes (44 bytes)
Event: 52.462 Thread 0x0000024fbb218800 nmethod 5374 0x0000024fa503ff90 code [0x0000024fa5040180, 0x0000024fa50404b8]
Event: 52.462 Thread 0x0000024fbb218800 5375       1       com.android.build.gradle.options.Stage::getStatus (5 bytes)
Event: 52.462 Thread 0x0000024fbb218800 nmethod 5375 0x0000024fabdbaa10 code [0x0000024fabdbabc0, 0x0000024fabdbac78]
Event: 52.463 Thread 0x0000024fbb218800 5376       3       com.google.common.collect.CollectPreconditions::checkEntryNotNull (100 bytes)
Event: 52.464 Thread 0x0000024fbb218800 nmethod 5376 0x0000024fa5040610 code [0x0000024fa5040920, 0x0000024fa5041688]
Event: 52.464 Thread 0x0000024fbb218800 5377       3       java.lang.AbstractStringBuilder::append (45 bytes)
Event: 52.464 Thread 0x0000024fbb218800 nmethod 5377 0x0000024fa5041b90 code [0x0000024fa5041dc0, 0x0000024fa50422d8]
Event: 52.466 Thread 0x0000024fbb218800 5378       3       java.util.jar.Manifest::read (340 bytes)
Event: 52.467 Thread 0x0000024fbb218800 nmethod 5378 0x0000024fa5042510 code [0x0000024fa5042900, 0x0000024fa5044538]
Event: 52.468 Thread 0x0000024fbb218800 5380       3       java.util.jar.Manifest$FastInputStream::<init> (9 bytes)
Event: 52.468 Thread 0x0000024fbb218800 nmethod 5380 0x0000024fa5045090 code [0x0000024fa5045260, 0x0000024fa5045638]
Event: 52.468 Thread 0x0000024fbb218800 5381       3       java.util.jar.Manifest$FastInputStream::<init> (23 bytes)
Event: 52.469 Thread 0x0000024fbb218800 nmethod 5381 0x0000024fa5045790 code [0x0000024fa5045960, 0x0000024fa5045cd8]
Event: 52.469 Thread 0x0000024fbb218800 5382       3       java.lang.invoke.LambdaForm$MH/0x00000001000ea440::invoke (155 bytes)
Event: 52.469 Thread 0x0000024fbb218800 nmethod 5382 0x0000024fa5045e10 code [0x0000024fa50460a0, 0x0000024fa5046ff8]

GC Heap History (18 events):
Event: 1.371 GC heap before
{Heap before GC invocations=0 (full 0):
 garbage-first heap   total 126976K, used 29696K [0x0000000080000000, 0x0000000100000000)
  region size 1024K, 24 young (24576K), 0 survivors (0K)
 Metaspace       used 10056K, capacity 10320K, committed 10368K, reserved 1058816K
  class space    used 1025K, capacity 1105K, committed 1152K, reserved 1048576K
}
Event: 1.377 GC heap after
{Heap after GC invocations=1 (full 0):
 garbage-first heap   total 126976K, used 9350K [0x0000000080000000, 0x0000000100000000)
  region size 1024K, 3 young (3072K), 3 survivors (3072K)
 Metaspace       used 10056K, capacity 10320K, committed 10368K, reserved 1058816K
  class space    used 1025K, capacity 1105K, committed 1152K, reserved 1048576K
}
Event: 3.237 GC heap before
{Heap before GC invocations=1 (full 0):
 garbage-first heap   total 126976K, used 83078K [0x0000000080000000, 0x0000000100000000)
  region size 1024K, 74 young (75776K), 3 survivors (3072K)
 Metaspace       used 17794K, capacity 18225K, committed 18432K, reserved 1064960K
  class space    used 2080K, capacity 2211K, committed 2304K, reserved 1048576K
}
Event: 3.242 GC heap after
{Heap after GC invocations=2 (full 0):
 garbage-first heap   total 126976K, used 16441K [0x0000000080000000, 0x0000000100000000)
  region size 1024K, 10 young (10240K), 10 survivors (10240K)
 Metaspace       used 17794K, capacity 18225K, committed 18432K, reserved 1064960K
  class space    used 2080K, capacity 2211K, committed 2304K, reserved 1048576K
}
Event: 3.458 GC heap before
{Heap before GC invocations=2 (full 0):
 garbage-first heap   total 126976K, used 42041K [0x0000000080000000, 0x0000000100000000)
  region size 1024K, 36 young (36864K), 10 survivors (10240K)
 Metaspace       used 20817K, capacity 21241K, committed 21296K, reserved 1069056K
  class space    used 2531K, capacity 2684K, committed 2688K, reserved 1048576K
}
Event: 3.465 GC heap after
{Heap after GC invocations=3 (full 0):
 garbage-first heap   total 126976K, used 17097K [0x0000000080000000, 0x0000000100000000)
  region size 1024K, 2 young (2048K), 2 survivors (2048K)
 Metaspace       used 20817K, capacity 21241K, committed 21296K, reserved 1069056K
  class space    used 2531K, capacity 2684K, committed 2688K, reserved 1048576K
}
Event: 46.048 GC heap before
{Heap before GC invocations=4 (full 0):
 garbage-first heap   total 126976K, used 67273K [0x0000000080000000, 0x0000000100000000)
  region size 1024K, 51 young (52224K), 2 survivors (2048K)
 Metaspace       used 25952K, capacity 26540K, committed 26876K, reserved 1073152K
  class space    used 3350K, capacity 3560K, committed 3660K, reserved 1048576K
}
Event: 46.052 GC heap after
{Heap after GC invocations=5 (full 0):
 garbage-first heap   total 126976K, used 18848K [0x0000000080000000, 0x0000000100000000)
  region size 1024K, 3 young (3072K), 3 survivors (3072K)
 Metaspace       used 25952K, capacity 26540K, committed 26876K, reserved 1073152K
  class space    used 3350K, capacity 3560K, committed 3660K, reserved 1048576K
}
Event: 46.638 GC heap before
{Heap before GC invocations=6 (full 0):
 garbage-first heap   total 126976K, used 76192K [0x0000000080000000, 0x0000000100000000)
  region size 1024K, 59 young (60416K), 3 survivors (3072K)
 Metaspace       used 31642K, capacity 32396K, committed 32636K, reserved 1077248K
  class space    used 4223K, capacity 4497K, committed 4556K, reserved 1048576K
}
Event: 46.641 GC heap after
{Heap after GC invocations=7 (full 0):
 garbage-first heap   total 126976K, used 20380K [0x0000000080000000, 0x0000000100000000)
  region size 1024K, 5 young (5120K), 5 survivors (5120K)
 Metaspace       used 31642K, capacity 32396K, committed 32636K, reserved 1077248K
  class space    used 4223K, capacity 4497K, committed 4556K, reserved 1048576K
}
Event: 47.756 GC heap before
{Heap before GC invocations=7 (full 0):
 garbage-first heap   total 126976K, used 82844K [0x0000000080000000, 0x0000000100000000)
  region size 1024K, 64 young (65536K), 5 survivors (5120K)
 Metaspace       used 40179K, capacity 41139K, committed 41212K, reserved 1085440K
  class space    used 5043K, capacity 5403K, committed 5452K, reserved 1048576K
}
Event: 47.761 GC heap after
{Heap after GC invocations=8 (full 0):
 garbage-first heap   total 126976K, used 26284K [0x0000000080000000, 0x0000000100000000)
  region size 1024K, 8 young (8192K), 8 survivors (8192K)
 Metaspace       used 40179K, capacity 41139K, committed 41212K, reserved 1085440K
  class space    used 5043K, capacity 5403K, committed 5452K, reserved 1048576K
}
Event: 48.283 GC heap before
{Heap before GC invocations=8 (full 0):
 garbage-first heap   total 126976K, used 78508K [0x0000000080000000, 0x0000000100000000)
  region size 1024K, 60 young (61440K), 8 survivors (8192K)
 Metaspace       used 43797K, capacity 44738K, committed 44796K, reserved 1087488K
  class space    used 5529K, capacity 5912K, committed 5964K, reserved 1048576K
}
Event: 48.296 GC heap after
{Heap after GC invocations=9 (full 0):
 garbage-first heap   total 126976K, used 30712K [0x0000000080000000, 0x0000000100000000)
  region size 1024K, 4 young (4096K), 4 survivors (4096K)
 Metaspace       used 43797K, capacity 44738K, committed 44796K, reserved 1087488K
  class space    used 5529K, capacity 5912K, committed 5964K, reserved 1048576K
}
Event: 49.314 GC heap before
{Heap before GC invocations=10 (full 0):
 garbage-first heap   total 126976K, used 87032K [0x0000000080000000, 0x0000000100000000)
  region size 1024K, 59 young (60416K), 4 survivors (4096K)
 Metaspace       used 48015K, capacity 49159K, committed 49276K, reserved 1091584K
  class space    used 6102K, capacity 6535K, committed 6604K, reserved 1048576K
}
Event: 49.320 GC heap after
{Heap after GC invocations=11 (full 0):
 garbage-first heap   total 126976K, used 31387K [0x0000000080000000, 0x0000000100000000)
  region size 1024K, 5 young (5120K), 5 survivors (5120K)
 Metaspace       used 48015K, capacity 49159K, committed 49276K, reserved 1091584K
  class space    used 6102K, capacity 6535K, committed 6604K, reserved 1048576K
}
Event: 52.364 GC heap before
{Heap before GC invocations=12 (full 0):
 garbage-first heap   total 126976K, used 93851K [0x0000000080000000, 0x0000000100000000)
  region size 1024K, 62 young (63488K), 5 survivors (5120K)
 Metaspace       used 50831K, capacity 52178K, committed 52220K, reserved 1095680K
  class space    used 6434K, capacity 6947K, committed 6988K, reserved 1048576K
}
Event: 52.372 GC heap after
{Heap after GC invocations=13 (full 0):
 garbage-first heap   total 126976K, used 43001K [0x0000000080000000, 0x0000000100000000)
  region size 1024K, 8 young (8192K), 8 survivors (8192K)
 Metaspace       used 50831K, capacity 52178K, committed 52220K, reserved 1095680K
  class space    used 6434K, capacity 6947K, committed 6988K, reserved 1048576K
}

Deoptimization events (20 events):
Event: 52.445 Thread 0x0000024fbd689000 Uncommon trap: trap_request=0xffffff4d fr.pc=0x0000024fabaf07fc relative=0x000000000000043c
Event: 52.445 Thread 0x0000024fbd689000 Uncommon trap: reason=unstable_if action=reinterpret pc=0x0000024fabaf07fc method=java.lang.AbstractStringBuilder.putStringAt(ILjava/lang/String;)V @ 8 c2
Event: 52.445 Thread 0x0000024fbd689000 DEOPT PACKING pc=0x0000024fabaf07fc sp=0x00000079fdaf55b0
Event: 52.445 Thread 0x0000024fbd689000 DEOPT UNPACKING pc=0x0000024fa3fd85af sp=0x00000079fdaf5520 mode 2
Event: 52.445 Thread 0x0000024fbd689000 Uncommon trap: trap_request=0xffffff4d fr.pc=0x0000024fabad7fec relative=0x00000000000000cc
Event: 52.445 Thread 0x0000024fbd689000 Uncommon trap: reason=unstable_if action=reinterpret pc=0x0000024fabad7fec method=java.lang.String.getBytes([BIB)V @ 5 c2
Event: 52.445 Thread 0x0000024fbd689000 DEOPT PACKING pc=0x0000024fabad7fec sp=0x00000079fdaf54d0
Event: 52.445 Thread 0x0000024fbd689000 DEOPT UNPACKING pc=0x0000024fa3fd85af sp=0x00000079fdaf5498 mode 2
Event: 52.445 Thread 0x0000024fbd689000 Uncommon trap: trap_request=0xffffff4d fr.pc=0x0000024fabb3e9c0 relative=0x0000000000000380
Event: 52.445 Thread 0x0000024fbd689000 Uncommon trap: reason=unstable_if action=reinterpret pc=0x0000024fabb3e9c0 method=java.lang.AbstractStringBuilder.isLatin1()Z @ 10 c2
Event: 52.445 Thread 0x0000024fbd689000 DEOPT PACKING pc=0x0000024fabb3e9c0 sp=0x00000079fdaf5630
Event: 52.445 Thread 0x0000024fbd689000 DEOPT UNPACKING pc=0x0000024fa3fd85af sp=0x00000079fdaf55b0 mode 2
Event: 52.458 Thread 0x0000024fbd689000 Uncommon trap: trap_request=0xffffff4d fr.pc=0x0000024fabb8f2a0 relative=0x0000000000000080
Event: 52.458 Thread 0x0000024fbd689000 Uncommon trap: reason=unstable_if action=reinterpret pc=0x0000024fabb8f2a0 method=java.lang.CharacterDataLatin1.isWhitespace(I)Z @ 14 c2
Event: 52.458 Thread 0x0000024fbd689000 DEOPT PACKING pc=0x0000024fabb8f2a0 sp=0x00000079fdaf5350
Event: 52.458 Thread 0x0000024fbd689000 DEOPT UNPACKING pc=0x0000024fa3fd85af sp=0x00000079fdaf52c0 mode 2
Event: 52.461 Thread 0x0000024fbd689000 Uncommon trap: trap_request=0xffffff4d fr.pc=0x0000024fabc8e540 relative=0x0000000000000400
Event: 52.461 Thread 0x0000024fbd689000 Uncommon trap: reason=unstable_if action=reinterpret pc=0x0000024fabc8e540 method=java.lang.String.substring(I)Ljava/lang/String; @ 43 c2
Event: 52.461 Thread 0x0000024fbd689000 DEOPT PACKING pc=0x0000024fabc8e540 sp=0x00000079fdaf53b0
Event: 52.461 Thread 0x0000024fbd689000 DEOPT UNPACKING pc=0x0000024fa3fd85af sp=0x00000079fdaf5388 mode 2

Classes redefined (0 events):
No events

Internal exceptions (20 events):
Event: 52.092 Thread 0x0000024fbd689000 Exception <a 'java/lang/ClassNotFoundException'{0x000000008517b6c0}: org/gradle/api/DefaultTaskCustomizer> (0x000000008517b6c0) thrown at [src/hotspot/share/classfile/systemDictionary.cpp, line 230]
Event: 52.093 Thread 0x0000024fbd689000 Exception <a 'java/lang/ClassNotFoundException'{0x00000000851ffc88}: org/gradle/api/internal/ConventionTaskCustomizer> (0x00000000851ffc88) thrown at [src/hotspot/share/classfile/systemDictionary.cpp, line 230]
Event: 52.094 Thread 0x0000024fbd689000 Exception <a 'java/lang/ClassNotFoundException'{0x000000008503a950}: org/gradle/api/tasks/DeleteCustomizer> (0x000000008503a950) thrown at [src/hotspot/share/classfile/systemDictionary.cpp, line 230]
Event: 52.095 Thread 0x0000024fbd689000 Exception <a 'java/lang/ClassNotFoundException'{0x000000008507c800}: org/gradle/api/tasks/Delete_DecoratedCustomizer> (0x000000008507c800) thrown at [src/hotspot/share/classfile/systemDictionary.cpp, line 230]
Event: 52.102 Thread 0x0000024fbd689000 Exception <a 'java/lang/NoSuchMethodError'{0x0000000084f32f98}: 'long java.lang.invoke.DirectMethodHandle$Holder.invokeVirtual(java.lang.Object, java.lang.Object)'> (0x0000000084f32f98) thrown at [src/hotspot/share/interpreter/linkResolver.cpp, line 773]
Event: 52.202 Thread 0x0000024fbdb47800 Exception <a 'java/lang/NoSuchMethodError'{0x0000000084f84a20}: <clinit>> (0x0000000084f84a20) thrown at [src/hotspot/share/prims/jni.cpp, line 1367]
Event: 52.205 Thread 0x0000024fbdb47800 Exception <a 'java/lang/NoSuchMethodError'{0x0000000084fa2930}: <clinit>> (0x0000000084fa2930) thrown at [src/hotspot/share/prims/jni.cpp, line 1367]
Event: 52.205 Thread 0x0000024fbdb47800 Exception <a 'java/lang/NoSuchMethodError'{0x0000000084fa3a40}: <clinit>> (0x0000000084fa3a40) thrown at [src/hotspot/share/prims/jni.cpp, line 1367]
Event: 52.205 Thread 0x0000024fbdb47800 Exception <a 'java/lang/NoSuchMethodError'{0x0000000084fa4d48}: <clinit>> (0x0000000084fa4d48) thrown at [src/hotspot/share/prims/jni.cpp, line 1367]
Event: 52.205 Thread 0x0000024fbdb47800 Exception <a 'java/lang/NoSuchMethodError'{0x0000000084fa5fb8}: <clinit>> (0x0000000084fa5fb8) thrown at [src/hotspot/share/prims/jni.cpp, line 1367]
Event: 52.206 Thread 0x0000024fbdb47800 Exception <a 'java/lang/NoSuchMethodError'{0x0000000084fb8758}: <clinit>> (0x0000000084fb8758) thrown at [src/hotspot/share/prims/jni.cpp, line 1367]
Event: 52.206 Thread 0x0000024fbdb47800 Exception <a 'java/lang/NoSuchMethodError'{0x0000000084fc2c70}: <clinit>> (0x0000000084fc2c70) thrown at [src/hotspot/share/prims/jni.cpp, line 1367]
Event: 52.208 Thread 0x0000024fbdb47800 Exception <a 'java/lang/NoSuchMethodError'{0x0000000084fd6d78}: <clinit>> (0x0000000084fd6d78) thrown at [src/hotspot/share/prims/jni.cpp, line 1367]
Event: 52.253 Thread 0x0000024fbd689000 Exception <a 'java/lang/ClassNotFoundException'{0x0000000084e58d30}: build_3zxhkbk1tckt2bdqf6n7gg7lbBeanInfo> (0x0000000084e58d30) thrown at [src/hotspot/share/classfile/systemDictionary.cpp, line 230]
Event: 52.253 Thread 0x0000024fbd689000 Exception <a 'java/lang/ClassNotFoundException'{0x0000000084e64690}: build_3zxhkbk1tckt2bdqf6n7gg7lbCustomizer> (0x0000000084e64690) thrown at [src/hotspot/share/classfile/systemDictionary.cpp, line 230]
Event: 52.269 Thread 0x0000024fbd689000 Exception <a 'java/lang/ClassNotFoundException'{0x0000000084def620}: org/gradle/api/internal/plugins/DefaultObjectConfigurationActionBeanInfo> (0x0000000084def620) thrown at [src/hotspot/share/classfile/systemDictionary.cpp, line 230]
Event: 52.270 Thread 0x0000024fbd689000 Exception <a 'java/lang/ClassNotFoundException'{0x0000000084c259c8}: org/gradle/api/internal/plugins/DefaultObjectConfigurationActionCustomizer> (0x0000000084c259c8) thrown at [src/hotspot/share/classfile/systemDictionary.cpp, line 230]
Event: 52.381 Thread 0x0000024fbd689000 Exception <a 'java/lang/NoSuchMethodError'{0x0000000087be2960}: 'java.lang.Object java.lang.invoke.DirectMethodHandle$Holder.invokeStatic(java.lang.Object, java.lang.Object, java.lang.Object, java.lang.Object, int)'> (0x0000000087be2960) thrown at [src/hotspot/share/interpreter/linkResolver.cpp, line 773]
Event: 52.382 Thread 0x0000024fbd689000 Exception <a 'java/lang/NoSuchMethodError'{0x0000000087be7358}: 'java.lang.Object java.lang.invoke.DirectMethodHandle$Holder.invokeSpecial(java.lang.Object, java.lang.Object, java.lang.Object, java.lang.Object, java.lang.Object, int)'> (0x0000000087be7358) thrown at [src/hotspot/share/interpreter/linkResolver.cpp, line 773]
Event: 52.382 Thread 0x0000024fbd689000 Exception <a 'java/lang/NoSuchMethodError'{0x0000000087beb998}: 'java.lang.Object java.lang.invoke.Invokers$Holder.linkToTargetMethod(java.lang.Object, java.lang.Object, java.lang.Object, int, java.lang.Object)'> (0x0000000087beb998) thrown at [src/hotspot/share/interpreter/linkResolver.cpp, line 773]

Events (20 events):
Event: 52.491 loading class com/google/gson/internal/JavaVersion
Event: 52.491 loading class com/google/gson/internal/JavaVersion done
Event: 52.492 loading class com/google/gson/internal/bind/TypeAdapters
Event: 52.492 loading class com/google/gson/internal/bind/TypeAdapters done
Event: 52.492 loading class com/google/gson/internal/bind/TypeAdapters$3
Event: 52.492 loading class com/google/gson/internal/bind/TypeAdapters$3 done
Event: 52.492 loading class com/google/gson/internal/bind/TypeAdapters$4
Event: 52.492 loading class com/google/gson/internal/bind/TypeAdapters$4 done
Event: 52.493 loading class com/google/gson/internal/bind/TypeAdapters$5
Event: 52.493 loading class com/google/gson/internal/bind/TypeAdapters$5 done
Event: 52.493 loading class com/google/gson/internal/bind/TypeAdapters$6
Event: 52.493 loading class com/google/gson/internal/bind/TypeAdapters$6 done
Event: 52.493 loading class com/google/gson/internal/bind/TypeAdapters$7
Event: 52.493 loading class com/google/gson/internal/bind/TypeAdapters$7 done
Event: 52.493 loading class com/google/gson/internal/bind/TypeAdapters$11
Event: 52.493 loading class com/google/gson/internal/bind/TypeAdapters$11 done
Event: 52.493 loading class com/google/gson/internal/bind/TypeAdapters$12
Event: 52.493 loading class com/google/gson/internal/bind/TypeAdapters$12 done
Event: 52.493 loading class com/google/gson/internal/bind/TypeAdapters$13
Event: 52.493 loading class com/google/gson/internal/bind/TypeAdapters$13 done


Dynamic libraries:
0x00007ff687ff0000 - 0x00007ff687ffa000 	E:\Program Files\Android\Android Studio\jbr\bin\java.exe
0x00007ff9dbed0000 - 0x00007ff9dc0c8000 	C:\WINDOWS\SYSTEM32\ntdll.dll
0x00007ff9d9fd0000 - 0x00007ff9da08d000 	C:\WINDOWS\System32\KERNEL32.DLL
0x00007ff9d9af0000 - 0x00007ff9d9dc2000 	C:\WINDOWS\System32\KERNELBASE.dll
0x00007ff9d98b0000 - 0x00007ff9d99b0000 	C:\WINDOWS\System32\ucrtbase.dll
0x00007ff9cbf40000 - 0x00007ff9cbf5b000 	E:\Program Files\Android\Android Studio\jbr\bin\VCRUNTIME140.dll
0x00007ff9cbf20000 - 0x00007ff9cbf37000 	E:\Program Files\Android\Android Studio\jbr\bin\jli.dll
0x00007ff9db410000 - 0x00007ff9db5ad000 	C:\WINDOWS\System32\USER32.dll
0x00007ff9d99b0000 - 0x00007ff9d99d2000 	C:\WINDOWS\System32\win32u.dll
0x00007ff9ba3b0000 - 0x00007ff9ba64a000 	C:\WINDOWS\WinSxS\amd64_microsoft.windows.common-controls_6595b64144ccf1df_6.0.19041.1110_none_60b5254171f9507e\COMCTL32.dll
0x00007ff9db2b0000 - 0x00007ff9db2db000 	C:\WINDOWS\System32\GDI32.dll
0x00007ff9d9f30000 - 0x00007ff9d9fce000 	C:\WINDOWS\System32\msvcrt.dll
0x00007ff9d9650000 - 0x00007ff9d975f000 	C:\WINDOWS\System32\gdi32full.dll
0x00007ff9d9810000 - 0x00007ff9d98ad000 	C:\WINDOWS\System32\msvcp_win.dll
0x00007ff9db220000 - 0x00007ff9db250000 	C:\WINDOWS\System32\IMM32.DLL
0x00007ff9cbf10000 - 0x00007ff9cbf1c000 	E:\Program Files\Android\Android Studio\jbr\bin\vcruntime140_1.dll
0x00007ff99e2a0000 - 0x00007ff99e32d000 	E:\Program Files\Android\Android Studio\jbr\bin\msvcp140.dll
0x00007ff93d660000 - 0x00007ff93e21c000 	E:\Program Files\Android\Android Studio\jbr\bin\server\jvm.dll
0x00007ff9db010000 - 0x00007ff9db0be000 	C:\WINDOWS\System32\ADVAPI32.dll
0x00007ff9db180000 - 0x00007ff9db21c000 	C:\WINDOWS\System32\sechost.dll
0x00007ff9dae70000 - 0x00007ff9daf95000 	C:\WINDOWS\System32\RPCRT4.dll
0x00007ff9da910000 - 0x00007ff9da918000 	C:\WINDOWS\System32\PSAPI.DLL
0x00007ff9a75c0000 - 0x00007ff9a75c9000 	C:\WINDOWS\SYSTEM32\WSOCK32.dll
0x00007ff9d8300000 - 0x00007ff9d830a000 	C:\WINDOWS\SYSTEM32\VERSION.dll
0x00007ff9dafa0000 - 0x00007ff9db00b000 	C:\WINDOWS\System32\WS2_32.dll
0x00007ff9b53b0000 - 0x00007ff9b53d7000 	C:\WINDOWS\SYSTEM32\WINMM.dll
0x00007ff9d7e10000 - 0x00007ff9d7e22000 	C:\WINDOWS\SYSTEM32\kernel.appcore.dll
0x00007ff9c4010000 - 0x00007ff9c4020000 	E:\Program Files\Android\Android Studio\jbr\bin\verify.dll
0x00007ff9d70d0000 - 0x00007ff9d72b4000 	C:\WINDOWS\SYSTEM32\DBGHELP.DLL
0x00007ff9b5340000 - 0x00007ff9b536c000 	C:\WINDOWS\SYSTEM32\dbgcore.DLL
0x00007ff9d9a30000 - 0x00007ff9d9ab2000 	C:\WINDOWS\System32\bcryptPrimitives.dll
0x00007ff9a2390000 - 0x00007ff9a23b8000 	E:\Program Files\Android\Android Studio\jbr\bin\java.dll
0x00007ff9c4000000 - 0x00007ff9c400a000 	E:\Program Files\Android\Android Studio\jbr\bin\jimage.dll
0x00007ff9ba020000 - 0x00007ff9ba038000 	E:\Program Files\Android\Android Studio\jbr\bin\zip.dll
0x00007ff9db5b0000 - 0x00007ff9dbcf3000 	C:\WINDOWS\System32\SHELL32.dll
0x00007ff9d7540000 - 0x00007ff9d7cd1000 	C:\WINDOWS\SYSTEM32\windows.storage.dll
0x00007ff9da1a0000 - 0x00007ff9da4f4000 	C:\WINDOWS\System32\combase.dll
0x00007ff9d9040000 - 0x00007ff9d9070000 	C:\WINDOWS\SYSTEM32\Wldp.dll
0x00007ff9db0c0000 - 0x00007ff9db16d000 	C:\WINDOWS\System32\SHCORE.dll
0x00007ff9db250000 - 0x00007ff9db2a5000 	C:\WINDOWS\System32\shlwapi.dll
0x00007ff9d9520000 - 0x00007ff9d953f000 	C:\WINDOWS\SYSTEM32\profapi.dll
0x00007ff9a0720000 - 0x00007ff9a0739000 	E:\Program Files\Android\Android Studio\jbr\bin\net.dll
0x00007ff9d1ce0000 - 0x00007ff9d1ded000 	C:\WINDOWS\SYSTEM32\WINHTTP.dll
0x00007ff9d8da0000 - 0x00007ff9d8e0a000 	C:\WINDOWS\system32\mswsock.dll
0x00007ff9a0700000 - 0x00007ff9a0713000 	E:\Program Files\Android\Android Studio\jbr\bin\nio.dll
0x00007ff99ef80000 - 0x00007ff99efa7000 	C:\Users\Robert\.gradle\native\e1d6ef7f7dcc3fd88c89a11ec53ec762bb8ba0a96d01ffa2cd45eb1d1d8dd5c5\windows-amd64\native-platform.dll
0x00007ff99cda0000 - 0x00007ff99cee4000 	C:\Users\Robert\.gradle\native\0d407fdbe67a94daf76414ababcb853783967236a71b16ec16e742cd7a986fd3\windows-amd64\native-platform-file-events.dll
0x00007ff9c29c0000 - 0x00007ff9c29ca000 	E:\Program Files\Android\Android Studio\jbr\bin\management.dll
0x00007ff9bc2f0000 - 0x00007ff9bc2fb000 	E:\Program Files\Android\Android Studio\jbr\bin\management_ext.dll
0x00007ff9d8f90000 - 0x00007ff9d8fa8000 	C:\WINDOWS\SYSTEM32\CRYPTSP.dll
0x00007ff9d8650000 - 0x00007ff9d8684000 	C:\WINDOWS\system32\rsaenh.dll
0x00007ff9d9ac0000 - 0x00007ff9d9ae7000 	C:\WINDOWS\System32\bcrypt.dll
0x00007ff9d94e0000 - 0x00007ff9d950e000 	C:\WINDOWS\SYSTEM32\USERENV.dll
0x00007ff9d8fb0000 - 0x00007ff9d8fbc000 	C:\WINDOWS\SYSTEM32\CRYPTBASE.dll
0x00007ff9d8a40000 - 0x00007ff9d8a7b000 	C:\WINDOWS\SYSTEM32\IPHLPAPI.DLL
0x00007ff9da6b0000 - 0x00007ff9da6b8000 	C:\WINDOWS\System32\NSI.dll
0x00007ff9d22e0000 - 0x00007ff9d22f7000 	C:\WINDOWS\SYSTEM32\dhcpcsvc6.DLL
0x00007ff9d1920000 - 0x00007ff9d193d000 	C:\WINDOWS\SYSTEM32\dhcpcsvc.DLL
0x00007ff9d8a90000 - 0x00007ff9d8b5a000 	C:\WINDOWS\SYSTEM32\DNSAPI.dll

dbghelp: loaded successfully - version: 4.0.5 - missing functions: none
symbol engine: initialized successfully - sym options: 0x614 - pdb path: .;E:\Program Files\Android\Android Studio\jbr\bin;C:\WINDOWS\SYSTEM32;C:\WINDOWS\WinSxS\amd64_microsoft.windows.common-controls_6595b64144ccf1df_6.0.19041.1110_none_60b5254171f9507e;E:\Program Files\Android\Android Studio\jbr\bin\server;C:\Users\Robert\.gradle\native\e1d6ef7f7dcc3fd88c89a11ec53ec762bb8ba0a96d01ffa2cd45eb1d1d8dd5c5\windows-amd64;C:\Users\Robert\.gradle\native\0d407fdbe67a94daf76414ababcb853783967236a71b16ec16e742cd7a986fd3\windows-amd64

VM Arguments:
jvm_args: --add-opens=java.base/java.util=ALL-UNNAMED --add-opens=java.base/java.lang=ALL-UNNAMED --add-opens=java.base/java.lang.invoke=ALL-UNNAMED --add-opens=java.base/java.util=ALL-UNNAMED --add-opens=java.prefs/java.util.prefs=ALL-UNNAMED --add-opens=java.prefs/java.util.prefs=ALL-UNNAMED --add-opens=java.base/java.nio.charset=ALL-UNNAMED --add-opens=java.base/java.net=ALL-UNNAMED --add-opens=java.base/java.util.concurrent.atomic=ALL-UNNAMED -Xmx2048m -Dfile.encoding=UTF-8 -Duser.country=TW -Duser.language=zh -Duser.variant 
java_command: org.gradle.launcher.daemon.bootstrap.GradleDaemon 7.4
java_class_path (initial): C:\Users\Robert\.gradle\wrapper\dists\gradle-7.4-bin\c0gwcg53nkjbqw7r0h0umtfvt\gradle-7.4\lib\gradle-launcher-7.4.jar
Launcher Type: SUN_STANDARD

[Global flags]
     intx CICompilerCount                          = 4                                         {product} {ergonomic}
     uint ConcGCThreads                            = 2                                         {product} {ergonomic}
     uint G1ConcRefinementThreads                  = 8                                         {product} {ergonomic}
   size_t G1HeapRegionSize                         = 1048576                                   {product} {ergonomic}
    uintx GCDrainStackTargetSize                   = 64                                        {product} {ergonomic}
   size_t InitialHeapSize                          = 130023424                                 {product} {ergonomic}
   size_t MarkStackSize                            = 4194304                                   {product} {ergonomic}
   size_t MaxHeapSize                              = 2147483648                                {product} {command line}
   size_t MaxNewSize                               = 1287651328                                {product} {ergonomic}
   size_t MinHeapDeltaBytes                        = 1048576                                   {product} {ergonomic}
    uintx NonNMethodCodeHeapSize                   = 5836300                                {pd product} {ergonomic}
    uintx NonProfiledCodeHeapSize                  = 122910970                              {pd product} {ergonomic}
    uintx ProfiledCodeHeapSize                     = 122910970                              {pd product} {ergonomic}
    uintx ReservedCodeCacheSize                    = 251658240                              {pd product} {ergonomic}
     bool SegmentedCodeCache                       = true                                      {product} {ergonomic}
     bool UseCompressedClassPointers               = true                                 {lp64_product} {ergonomic}
     bool UseCompressedOops                        = true                                 {lp64_product} {ergonomic}
     bool UseG1GC                                  = true                                      {product} {ergonomic}
     bool UseLargePagesIndividualAllocation        = false                                  {pd product} {ergonomic}

Logging:
Log output configuration:
 #0: stdout all=warning uptime,level,tags
 #1: stderr all=off uptime,level,tags

Environment Variables:
JAVA_HOME=C:\Program Files\Java\jdk1.8.0_60
PATH=C:\Program Files\Microsoft\jdk-11.0.12.7-hotspot\bin;C:\Program Files (x86)\Embarcadero\Studio\20.0\bin;C:\Users\Public\Documents\Embarcadero\Studio\20.0\Bpl;C:\Program Files (x86)\Embarcadero\Studio\20.0\bin64;C:\Users\Public\Documents\Embarcadero\Studio\20.0\Bpl\Win64;C:\Program Files (x86)\Common Files\Oracle\Java\javapath;C:\ProgramData\Oracle\Java\javapath;C:\WINDOWS\system32;C:\WINDOWS;C:\WINDOWS\System32\Wbem;C:\WINDOWS\System32\WindowsPowerShell\v1.0\;C:\WINDOWS\System32\OpenSSH\;C:\Program Files (x86)\Windows Kits\10\Windows Performance Toolkit\;C:\Program Files\CMake\bin;C:\Program Files\TortoiseSVN\bin;C:\Program Files\PuTTY\;HJAVA_HOMEH\bin;H;AVA_HOMEH\jre\bin;;NDROID_HOMEH\tools;;NDROID_HOMEH\tools\bin;;NDROID_HOMEH\platform-tools;;\mingw64\bin;C:\Program Files\dotnet\;C:\Program Files\Microsoft SQL Server\130\Tools\Binn\;C:\Program Files\Microsoft SQL Server\Client SDK\ODBC\170\Tools\Binn\;C:\Program Files\Microsoft SQL Server\Client SDK\ODBC\110\Tools\Binn\;C:\Program Files (x86)\Microsoft SQL Server\120\Tools\Binn\;C:\Program Files\Microsoft SQL Server\120\Tools\Binn\;C:\Program Files\Microsoft SQL Server\120\DTS\Binn\;C:\Program Files (x86)\Microsoft SQL Server\120\Tools\Binn\ManagementStudio\;C:\Program Files (x86)\Microsoft SQL Server\120\DTS\Binn\;C:\Program Files\Microsoft\Web Platform Installer\;C:\PHP;c:\winnmp\bin;C:\Program Files\TortoiseGit\bin;C:\Program Files\Git\cmd;C:\Program Files\Microsoft SQL Server\150\Tools\Binn\;C:\Users\Robert\AppData\Local\Microsoft\WindowsApps;C:\WinNMP\bin;C:\Users\Robert\.dotnet\tools;C:\Users\Robert\AppData\Local\Programs\Microsoft VS Code\bin
USERNAME=Robert
OS=Windows_NT
PROCESSOR_IDENTIFIER=Intel64 Family 6 Model 140 Stepping 1, GenuineIntel



---------------  S Y S T E M  ---------------

OS: Windows 10 , 64 bit Build 19041 (10.0.19041.1889)
OS uptime: 0 days 6:24 hours

CPU:total 8 (initial active 8) (4 cores per cpu, 2 threads per core) family 6 model 140 stepping 1 microcode 0xa4, cmov, cx8, fxsr, mmx, sse, sse2, sse3, ssse3, sse4.1, sse4.2, popcnt, avx, avx2, aes, clmul, erms, 3dnowpref, lzcnt, ht, tsc, tscinvbit, bmi1, bmi2, adx, evex, sha, fma

Memory: 4k page, system-wide physical 7872M (496M free)
TotalPageFile size 11968M (AvailPageFile size 12M)
current process WorkingSet (physical memory assigned to process): 297M, peak: 299M
current process commit charge ("private bytes"): 344M, peak: 346M

vm_info: OpenJDK 64-Bit Server VM (11.0.15+0-b2043.56-9505619) for windows-amd64 JRE (11.0.15+0-b2043.56-9505619), built on Jan 19 2023 02:48:00 by "builduser" with unknown MS VC++:1929

END.
